2021-12-31 20:52:37,138 DEBUG [Forwarding newSession on session null to remote] RequestAddCookies:123 - CookieSpec selected: default
2021-12-31 20:52:37,142 DEBUG [Forwarding newSession on session null to remote] RequestAuthCache:77 - Auth cache not set in the context
2021-12-31 20:52:37,142 DEBUG [Forwarding newSession on session null to remote] PoolingHttpClientConnectionManager:255 - Connection request: [route: {}->http://localhost:9276][total kept alive: 0; route allocated: 0 of 2000; total allocated: 0 of 2000]
2021-12-31 20:52:37,158 DEBUG [Forwarding newSession on session null to remote] PoolingHttpClientConnectionManager:288 - Connection leased: [id: 0][route: {}->http://localhost:9276][total kept alive: 0; route allocated: 1 of 2000; total allocated: 1 of 2000]
2021-12-31 20:52:37,158 DEBUG [Forwarding newSession on session null to remote] MainClientExec:235 - Opening connection {}->http://localhost:9276
2021-12-31 20:52:37,158 DEBUG [Forwarding newSession on session null to remote] DefaultHttpClientConnectionOperator:139 - Connecting to localhost/127.0.0.1:9276
2021-12-31 20:52:37,158 DEBUG [Forwarding newSession on session null to remote] DefaultHttpClientConnectionOperator:146 - Connection established 127.0.0.1:51990<->127.0.0.1:9276
2021-12-31 20:52:37,158 DEBUG [Forwarding newSession on session null to remote] DefaultManagedHttpClientConnection:88 - http-outgoing-0: set socket timeout to 10800000
2021-12-31 20:52:37,158 DEBUG [Forwarding newSession on session null to remote] MainClientExec:256 - Executing request POST /session HTTP/1.1
2021-12-31 20:52:37,158 DEBUG [Forwarding newSession on session null to remote] MainClientExec:261 - Target auth state: UNCHALLENGED
2021-12-31 20:52:37,158 DEBUG [Forwarding newSession on session null to remote] MainClientExec:267 - Proxy auth state: UNCHALLENGED
2021-12-31 20:52:37,158 DEBUG [Forwarding newSession on session null to remote] headers:133 - http-outgoing-0 >> POST /session HTTP/1.1
2021-12-31 20:52:37,158 DEBUG [Forwarding newSession on session null to remote] headers:136 - http-outgoing-0 >> Content-Type: application/json; charset=utf-8
2021-12-31 20:52:37,158 DEBUG [Forwarding newSession on session null to remote] headers:136 - http-outgoing-0 >> Content-Length: 335
2021-12-31 20:52:37,158 DEBUG [Forwarding newSession on session null to remote] headers:136 - http-outgoing-0 >> Host: localhost:9276
2021-12-31 20:52:37,158 DEBUG [Forwarding newSession on session null to remote] headers:136 - http-outgoing-0 >> Connection: Keep-Alive
2021-12-31 20:52:37,158 DEBUG [Forwarding newSession on session null to remote] headers:136 - http-outgoing-0 >> User-Agent: Apache-HttpClient/4.5.3 (Java/1.8.0_202)
2021-12-31 20:52:37,158 DEBUG [Forwarding newSession on session null to remote] headers:136 - http-outgoing-0 >> Accept-Encoding: gzip,deflate
2021-12-31 20:52:37,158 DEBUG [Forwarding newSession on session null to remote] wire:73 - http-outgoing-0 >> "POST /session HTTP/1.1[\r][\n]"
2021-12-31 20:52:37,158 DEBUG [Forwarding newSession on session null to remote] wire:73 - http-outgoing-0 >> "Content-Type: application/json; charset=utf-8[\r][\n]"
2021-12-31 20:52:37,158 DEBUG [Forwarding newSession on session null to remote] wire:73 - http-outgoing-0 >> "Content-Length: 335[\r][\n]"
2021-12-31 20:52:37,158 DEBUG [Forwarding newSession on session null to remote] wire:73 - http-outgoing-0 >> "Host: localhost:9276[\r][\n]"
2021-12-31 20:52:37,158 DEBUG [Forwarding newSession on session null to remote] wire:73 - http-outgoing-0 >> "Connection: Keep-Alive[\r][\n]"
2021-12-31 20:52:37,158 DEBUG [Forwarding newSession on session null to remote] wire:73 - http-outgoing-0 >> "User-Agent: Apache-HttpClient/4.5.3 (Java/1.8.0_202)[\r][\n]"
2021-12-31 20:52:37,158 DEBUG [Forwarding newSession on session null to remote] wire:73 - http-outgoing-0 >> "Accept-Encoding: gzip,deflate[\r][\n]"
2021-12-31 20:52:37,158 DEBUG [Forwarding newSession on session null to remote] wire:73 - http-outgoing-0 >> "[\r][\n]"
2021-12-31 20:52:37,158 DEBUG [Forwarding newSession on session null to remote] wire:73 - http-outgoing-0 >> "{[\n]"
2021-12-31 20:52:37,158 DEBUG [Forwarding newSession on session null to remote] wire:73 - http-outgoing-0 >> "  "desiredCapabilities": {"browserName":"chrome","goog:chromeOptions":{"args":[],"extensions":[]}},[\n]"
2021-12-31 20:52:37,158 DEBUG [Forwarding newSession on session null to remote] wire:73 - http-outgoing-0 >> "  "capabilities": {[\n]"
2021-12-31 20:52:37,158 DEBUG [Forwarding newSession on session null to remote] wire:73 - http-outgoing-0 >> "    "desiredCapabilities": {"browserName":"chrome","goog:chromeOptions":{"args":[],"extensions":[]}},[\n]"
2021-12-31 20:52:37,158 DEBUG [Forwarding newSession on session null to remote] wire:73 - http-outgoing-0 >> "    "firstMatch": [[\n]"
2021-12-31 20:52:37,158 DEBUG [Forwarding newSession on session null to remote] wire:73 - http-outgoing-0 >> "      {"browserName":"chrome","goog:chromeOptions":{"args":[],"extensions":[]}}[\n]"
2021-12-31 20:52:37,173 DEBUG [Forwarding newSession on session null to remote] wire:73 - http-outgoing-0 >> "    ][\n]"
2021-12-31 20:52:37,173 DEBUG [Forwarding newSession on session null to remote] wire:73 - http-outgoing-0 >> "  }[\n]"
2021-12-31 20:52:37,173 DEBUG [Forwarding newSession on session null to remote] wire:87 - http-outgoing-0 >> "}"
2021-12-31 20:52:37,813 DEBUG [Forwarding newSession on session null to remote] wire:73 - http-outgoing-0 << "HTTP/1.1 200 OK[\r][\n]"
2021-12-31 20:52:37,813 DEBUG [Forwarding newSession on session null to remote] wire:73 - http-outgoing-0 << "Content-Length:785[\r][\n]"
2021-12-31 20:52:37,813 DEBUG [Forwarding newSession on session null to remote] wire:73 - http-outgoing-0 << "Content-Type:application/json; charset=utf-8[\r][\n]"
2021-12-31 20:52:37,813 DEBUG [Forwarding newSession on session null to remote] wire:73 - http-outgoing-0 << "cache-control:no-cache[\r][\n]"
2021-12-31 20:52:37,813 DEBUG [Forwarding newSession on session null to remote] wire:73 - http-outgoing-0 << "[\r][\n]"
2021-12-31 20:52:37,813 DEBUG [Forwarding newSession on session null to remote] wire:87 - http-outgoing-0 << "{"value":{"capabilities":{"acceptInsecureCerts":false,"browserName":"chrome","browserVersion":"96.0.4664.110","chrome":{"chromedriverVersion":"96.0.4664.45 (76e4c1bb2ab4671b8beba3444e61c0f17584b2fc-refs/branch-heads/4664@{#947})","userDataDir":"C:\\Users\\adm\\AppData\\Local\\Temp\\scoped_dir5988_252814448"},"goog:chromeOptions":{"debuggerAddress":"localhost:51991"},"networkConnectionEnabled":false,"pageLoadStrategy":"normal","platformName":"windows","proxy":{},"setWindowRect":true,"strictFileInteractability":false,"timeouts":{"implicit":0,"pageLoad":300000,"script":30000},"unhandledPromptBehavior":"dismiss and notify","webauthn:extension:credBlob":true,"webauthn:extension:largeBlob":true,"webauthn:virtualAuthenticators":true},"sessionId":"86c86318fb77513236c25f30fcb52ef1"}}"
2021-12-31 20:52:37,829 DEBUG [Forwarding newSession on session null to remote] headers:122 - http-outgoing-0 << HTTP/1.1 200 OK
2021-12-31 20:52:37,829 DEBUG [Forwarding newSession on session null to remote] headers:125 - http-outgoing-0 << Content-Length:785
2021-12-31 20:52:37,829 DEBUG [Forwarding newSession on session null to remote] headers:125 - http-outgoing-0 << Content-Type:application/json; charset=utf-8
2021-12-31 20:52:37,829 DEBUG [Forwarding newSession on session null to remote] headers:125 - http-outgoing-0 << cache-control:no-cache
2021-12-31 20:52:37,829 DEBUG [Forwarding newSession on session null to remote] MainClientExec:285 - Connection can be kept alive indefinitely
2021-12-31 20:52:37,829 DEBUG [Forwarding newSession on session null to remote] PoolingHttpClientConnectionManager:320 - Connection [id: 0][route: {}->http://localhost:9276] can be kept alive indefinitely
2021-12-31 20:52:37,829 DEBUG [Forwarding newSession on session null to remote] PoolingHttpClientConnectionManager:326 - Connection released: [id: 0][route: {}->http://localhost:9276][total kept alive: 1; route allocated: 1 of 2000; total allocated: 1 of 2000]
2021-12-31 20:52:37,888 DEBUG [Forwarding deleteAllCookies on session 86c86318fb77513236c25f30fcb52ef1 to remote] RequestAddCookies:123 - CookieSpec selected: default
2021-12-31 20:52:37,888 DEBUG [Forwarding deleteAllCookies on session 86c86318fb77513236c25f30fcb52ef1 to remote] RequestAuthCache:77 - Auth cache not set in the context
2021-12-31 20:52:37,888 DEBUG [Forwarding deleteAllCookies on session 86c86318fb77513236c25f30fcb52ef1 to remote] PoolingHttpClientConnectionManager:255 - Connection request: [route: {}->http://localhost:9276][total kept alive: 1; route allocated: 1 of 2000; total allocated: 1 of 2000]
2021-12-31 20:52:37,888 DEBUG [Forwarding deleteAllCookies on session 86c86318fb77513236c25f30fcb52ef1 to remote] PoolingHttpClientConnectionManager:288 - Connection leased: [id: 0][route: {}->http://localhost:9276][total kept alive: 0; route allocated: 1 of 2000; total allocated: 1 of 2000]
2021-12-31 20:52:37,888 DEBUG [Forwarding deleteAllCookies on session 86c86318fb77513236c25f30fcb52ef1 to remote] MainClientExec:208 - Stale connection check
2021-12-31 20:52:37,904 DEBUG [Forwarding deleteAllCookies on session 86c86318fb77513236c25f30fcb52ef1 to remote] wire:87 - http-outgoing-0 << "[read] I/O error: Read timed out"
2021-12-31 20:52:37,904 DEBUG [Forwarding deleteAllCookies on session 86c86318fb77513236c25f30fcb52ef1 to remote] DefaultManagedHttpClientConnection:88 - http-outgoing-0: set socket timeout to 10800000
2021-12-31 20:52:37,904 DEBUG [Forwarding deleteAllCookies on session 86c86318fb77513236c25f30fcb52ef1 to remote] MainClientExec:256 - Executing request DELETE /session/86c86318fb77513236c25f30fcb52ef1/cookie HTTP/1.1
2021-12-31 20:52:37,904 DEBUG [Forwarding deleteAllCookies on session 86c86318fb77513236c25f30fcb52ef1 to remote] MainClientExec:261 - Target auth state: UNCHALLENGED
2021-12-31 20:52:37,904 DEBUG [Forwarding deleteAllCookies on session 86c86318fb77513236c25f30fcb52ef1 to remote] MainClientExec:267 - Proxy auth state: UNCHALLENGED
2021-12-31 20:52:37,904 DEBUG [Forwarding deleteAllCookies on session 86c86318fb77513236c25f30fcb52ef1 to remote] headers:133 - http-outgoing-0 >> DELETE /session/86c86318fb77513236c25f30fcb52ef1/cookie HTTP/1.1
2021-12-31 20:52:37,904 DEBUG [Forwarding deleteAllCookies on session 86c86318fb77513236c25f30fcb52ef1 to remote] headers:136 - http-outgoing-0 >> Host: localhost:9276
2021-12-31 20:52:37,904 DEBUG [Forwarding deleteAllCookies on session 86c86318fb77513236c25f30fcb52ef1 to remote] headers:136 - http-outgoing-0 >> Connection: Keep-Alive
2021-12-31 20:52:37,904 DEBUG [Forwarding deleteAllCookies on session 86c86318fb77513236c25f30fcb52ef1 to remote] headers:136 - http-outgoing-0 >> User-Agent: Apache-HttpClient/4.5.3 (Java/1.8.0_202)
2021-12-31 20:52:37,904 DEBUG [Forwarding deleteAllCookies on session 86c86318fb77513236c25f30fcb52ef1 to remote] headers:136 - http-outgoing-0 >> Accept-Encoding: gzip,deflate
2021-12-31 20:52:37,904 DEBUG [Forwarding deleteAllCookies on session 86c86318fb77513236c25f30fcb52ef1 to remote] wire:73 - http-outgoing-0 >> "DELETE /session/86c86318fb77513236c25f30fcb52ef1/cookie HTTP/1.1[\r][\n]"
2021-12-31 20:52:37,904 DEBUG [Forwarding deleteAllCookies on session 86c86318fb77513236c25f30fcb52ef1 to remote] wire:73 - http-outgoing-0 >> "Host: localhost:9276[\r][\n]"
2021-12-31 20:52:37,904 DEBUG [Forwarding deleteAllCookies on session 86c86318fb77513236c25f30fcb52ef1 to remote] wire:73 - http-outgoing-0 >> "Connection: Keep-Alive[\r][\n]"
2021-12-31 20:52:37,904 DEBUG [Forwarding deleteAllCookies on session 86c86318fb77513236c25f30fcb52ef1 to remote] wire:73 - http-outgoing-0 >> "User-Agent: Apache-HttpClient/4.5.3 (Java/1.8.0_202)[\r][\n]"
2021-12-31 20:52:37,904 DEBUG [Forwarding deleteAllCookies on session 86c86318fb77513236c25f30fcb52ef1 to remote] wire:73 - http-outgoing-0 >> "Accept-Encoding: gzip,deflate[\r][\n]"
2021-12-31 20:52:37,904 DEBUG [Forwarding deleteAllCookies on session 86c86318fb77513236c25f30fcb52ef1 to remote] wire:73 - http-outgoing-0 >> "[\r][\n]"
2021-12-31 20:52:37,904 DEBUG [Forwarding deleteAllCookies on session 86c86318fb77513236c25f30fcb52ef1 to remote] wire:73 - http-outgoing-0 << "HTTP/1.1 200 OK[\r][\n]"
2021-12-31 20:52:37,904 DEBUG [Forwarding deleteAllCookies on session 86c86318fb77513236c25f30fcb52ef1 to remote] wire:73 - http-outgoing-0 << "Content-Length:14[\r][\n]"
2021-12-31 20:52:37,904 DEBUG [Forwarding deleteAllCookies on session 86c86318fb77513236c25f30fcb52ef1 to remote] wire:73 - http-outgoing-0 << "Content-Type:application/json; charset=utf-8[\r][\n]"
2021-12-31 20:52:37,904 DEBUG [Forwarding deleteAllCookies on session 86c86318fb77513236c25f30fcb52ef1 to remote] wire:73 - http-outgoing-0 << "cache-control:no-cache[\r][\n]"
2021-12-31 20:52:37,904 DEBUG [Forwarding deleteAllCookies on session 86c86318fb77513236c25f30fcb52ef1 to remote] wire:73 - http-outgoing-0 << "[\r][\n]"
2021-12-31 20:52:37,904 DEBUG [Forwarding deleteAllCookies on session 86c86318fb77513236c25f30fcb52ef1 to remote] wire:87 - http-outgoing-0 << "{"value":null}"
2021-12-31 20:52:37,904 DEBUG [Forwarding deleteAllCookies on session 86c86318fb77513236c25f30fcb52ef1 to remote] headers:122 - http-outgoing-0 << HTTP/1.1 200 OK
2021-12-31 20:52:37,904 DEBUG [Forwarding deleteAllCookies on session 86c86318fb77513236c25f30fcb52ef1 to remote] headers:125 - http-outgoing-0 << Content-Length:14
2021-12-31 20:52:37,904 DEBUG [Forwarding deleteAllCookies on session 86c86318fb77513236c25f30fcb52ef1 to remote] headers:125 - http-outgoing-0 << Content-Type:application/json; charset=utf-8
2021-12-31 20:52:37,904 DEBUG [Forwarding deleteAllCookies on session 86c86318fb77513236c25f30fcb52ef1 to remote] headers:125 - http-outgoing-0 << cache-control:no-cache
2021-12-31 20:52:37,904 DEBUG [Forwarding deleteAllCookies on session 86c86318fb77513236c25f30fcb52ef1 to remote] MainClientExec:285 - Connection can be kept alive indefinitely
2021-12-31 20:52:37,904 DEBUG [Forwarding deleteAllCookies on session 86c86318fb77513236c25f30fcb52ef1 to remote] PoolingHttpClientConnectionManager:320 - Connection [id: 0][route: {}->http://localhost:9276] can be kept alive indefinitely
2021-12-31 20:52:37,904 DEBUG [Forwarding deleteAllCookies on session 86c86318fb77513236c25f30fcb52ef1 to remote] PoolingHttpClientConnectionManager:326 - Connection released: [id: 0][route: {}->http://localhost:9276][total kept alive: 1; route allocated: 1 of 2000; total allocated: 1 of 2000]
2021-12-31 20:52:37,920 DEBUG [Forwarding setTimeout on session 86c86318fb77513236c25f30fcb52ef1 to remote] RequestAddCookies:123 - CookieSpec selected: default
2021-12-31 20:52:37,920 DEBUG [Forwarding setTimeout on session 86c86318fb77513236c25f30fcb52ef1 to remote] RequestAuthCache:77 - Auth cache not set in the context
2021-12-31 20:52:37,920 DEBUG [Forwarding setTimeout on session 86c86318fb77513236c25f30fcb52ef1 to remote] PoolingHttpClientConnectionManager:255 - Connection request: [route: {}->http://localhost:9276][total kept alive: 1; route allocated: 1 of 2000; total allocated: 1 of 2000]
2021-12-31 20:52:37,920 DEBUG [Forwarding setTimeout on session 86c86318fb77513236c25f30fcb52ef1 to remote] PoolingHttpClientConnectionManager:288 - Connection leased: [id: 0][route: {}->http://localhost:9276][total kept alive: 0; route allocated: 1 of 2000; total allocated: 1 of 2000]
2021-12-31 20:52:37,920 DEBUG [Forwarding setTimeout on session 86c86318fb77513236c25f30fcb52ef1 to remote] MainClientExec:208 - Stale connection check
2021-12-31 20:52:37,935 DEBUG [Forwarding setTimeout on session 86c86318fb77513236c25f30fcb52ef1 to remote] wire:87 - http-outgoing-0 << "[read] I/O error: Read timed out"
2021-12-31 20:52:37,935 DEBUG [Forwarding setTimeout on session 86c86318fb77513236c25f30fcb52ef1 to remote] DefaultManagedHttpClientConnection:88 - http-outgoing-0: set socket timeout to 10800000
2021-12-31 20:52:37,935 DEBUG [Forwarding setTimeout on session 86c86318fb77513236c25f30fcb52ef1 to remote] MainClientExec:256 - Executing request POST /session/86c86318fb77513236c25f30fcb52ef1/timeouts HTTP/1.1
2021-12-31 20:52:37,935 DEBUG [Forwarding setTimeout on session 86c86318fb77513236c25f30fcb52ef1 to remote] MainClientExec:261 - Target auth state: UNCHALLENGED
2021-12-31 20:52:37,935 DEBUG [Forwarding setTimeout on session 86c86318fb77513236c25f30fcb52ef1 to remote] MainClientExec:267 - Proxy auth state: UNCHALLENGED
2021-12-31 20:52:37,935 DEBUG [Forwarding setTimeout on session 86c86318fb77513236c25f30fcb52ef1 to remote] headers:133 - http-outgoing-0 >> POST /session/86c86318fb77513236c25f30fcb52ef1/timeouts HTTP/1.1
2021-12-31 20:52:37,935 DEBUG [Forwarding setTimeout on session 86c86318fb77513236c25f30fcb52ef1 to remote] headers:136 - http-outgoing-0 >> Content-Type: application/json; charset=utf-8
2021-12-31 20:52:37,935 DEBUG [Forwarding setTimeout on session 86c86318fb77513236c25f30fcb52ef1 to remote] headers:136 - http-outgoing-0 >> Content-Length: 18
2021-12-31 20:52:37,935 DEBUG [Forwarding setTimeout on session 86c86318fb77513236c25f30fcb52ef1 to remote] headers:136 - http-outgoing-0 >> Host: localhost:9276
2021-12-31 20:52:37,935 DEBUG [Forwarding setTimeout on session 86c86318fb77513236c25f30fcb52ef1 to remote] headers:136 - http-outgoing-0 >> Connection: Keep-Alive
2021-12-31 20:52:37,935 DEBUG [Forwarding setTimeout on session 86c86318fb77513236c25f30fcb52ef1 to remote] headers:136 - http-outgoing-0 >> User-Agent: Apache-HttpClient/4.5.3 (Java/1.8.0_202)
2021-12-31 20:52:37,935 DEBUG [Forwarding setTimeout on session 86c86318fb77513236c25f30fcb52ef1 to remote] headers:136 - http-outgoing-0 >> Accept-Encoding: gzip,deflate
2021-12-31 20:52:37,935 DEBUG [Forwarding setTimeout on session 86c86318fb77513236c25f30fcb52ef1 to remote] wire:73 - http-outgoing-0 >> "POST /session/86c86318fb77513236c25f30fcb52ef1/timeouts HTTP/1.1[\r][\n]"
2021-12-31 20:52:37,935 DEBUG [Forwarding setTimeout on session 86c86318fb77513236c25f30fcb52ef1 to remote] wire:73 - http-outgoing-0 >> "Content-Type: application/json; charset=utf-8[\r][\n]"
2021-12-31 20:52:37,935 DEBUG [Forwarding setTimeout on session 86c86318fb77513236c25f30fcb52ef1 to remote] wire:73 - http-outgoing-0 >> "Content-Length: 18[\r][\n]"
2021-12-31 20:52:37,935 DEBUG [Forwarding setTimeout on session 86c86318fb77513236c25f30fcb52ef1 to remote] wire:73 - http-outgoing-0 >> "Host: localhost:9276[\r][\n]"
2021-12-31 20:52:37,935 DEBUG [Forwarding setTimeout on session 86c86318fb77513236c25f30fcb52ef1 to remote] wire:73 - http-outgoing-0 >> "Connection: Keep-Alive[\r][\n]"
2021-12-31 20:52:37,935 DEBUG [Forwarding setTimeout on session 86c86318fb77513236c25f30fcb52ef1 to remote] wire:73 - http-outgoing-0 >> "User-Agent: Apache-HttpClient/4.5.3 (Java/1.8.0_202)[\r][\n]"
2021-12-31 20:52:37,935 DEBUG [Forwarding setTimeout on session 86c86318fb77513236c25f30fcb52ef1 to remote] wire:73 - http-outgoing-0 >> "Accept-Encoding: gzip,deflate[\r][\n]"
2021-12-31 20:52:37,935 DEBUG [Forwarding setTimeout on session 86c86318fb77513236c25f30fcb52ef1 to remote] wire:73 - http-outgoing-0 >> "[\r][\n]"
2021-12-31 20:52:37,935 DEBUG [Forwarding setTimeout on session 86c86318fb77513236c25f30fcb52ef1 to remote] wire:87 - http-outgoing-0 >> "{"implicit":10000}"
2021-12-31 20:52:37,935 DEBUG [Forwarding setTimeout on session 86c86318fb77513236c25f30fcb52ef1 to remote] wire:73 - http-outgoing-0 << "HTTP/1.1 200 OK[\r][\n]"
2021-12-31 20:52:37,935 DEBUG [Forwarding setTimeout on session 86c86318fb77513236c25f30fcb52ef1 to remote] wire:73 - http-outgoing-0 << "Content-Length:14[\r][\n]"
2021-12-31 20:52:37,935 DEBUG [Forwarding setTimeout on session 86c86318fb77513236c25f30fcb52ef1 to remote] wire:73 - http-outgoing-0 << "Content-Type:application/json; charset=utf-8[\r][\n]"
2021-12-31 20:52:37,935 DEBUG [Forwarding setTimeout on session 86c86318fb77513236c25f30fcb52ef1 to remote] wire:73 - http-outgoing-0 << "cache-control:no-cache[\r][\n]"
2021-12-31 20:52:37,935 DEBUG [Forwarding setTimeout on session 86c86318fb77513236c25f30fcb52ef1 to remote] wire:73 - http-outgoing-0 << "[\r][\n]"
2021-12-31 20:52:37,935 DEBUG [Forwarding setTimeout on session 86c86318fb77513236c25f30fcb52ef1 to remote] wire:87 - http-outgoing-0 << "{"value":null}"
2021-12-31 20:52:37,935 DEBUG [Forwarding setTimeout on session 86c86318fb77513236c25f30fcb52ef1 to remote] headers:122 - http-outgoing-0 << HTTP/1.1 200 OK
2021-12-31 20:52:37,935 DEBUG [Forwarding setTimeout on session 86c86318fb77513236c25f30fcb52ef1 to remote] headers:125 - http-outgoing-0 << Content-Length:14
2021-12-31 20:52:37,935 DEBUG [Forwarding setTimeout on session 86c86318fb77513236c25f30fcb52ef1 to remote] headers:125 - http-outgoing-0 << Content-Type:application/json; charset=utf-8
2021-12-31 20:52:37,935 DEBUG [Forwarding setTimeout on session 86c86318fb77513236c25f30fcb52ef1 to remote] headers:125 - http-outgoing-0 << cache-control:no-cache
2021-12-31 20:52:37,935 DEBUG [Forwarding setTimeout on session 86c86318fb77513236c25f30fcb52ef1 to remote] MainClientExec:285 - Connection can be kept alive indefinitely
2021-12-31 20:52:37,935 DEBUG [Forwarding setTimeout on session 86c86318fb77513236c25f30fcb52ef1 to remote] PoolingHttpClientConnectionManager:320 - Connection [id: 0][route: {}->http://localhost:9276] can be kept alive indefinitely
2021-12-31 20:52:37,935 DEBUG [Forwarding setTimeout on session 86c86318fb77513236c25f30fcb52ef1 to remote] PoolingHttpClientConnectionManager:326 - Connection released: [id: 0][route: {}->http://localhost:9276][total kept alive: 1; route allocated: 1 of 2000; total allocated: 1 of 2000]
2021-12-31 20:52:37,935 DEBUG [Forwarding maximizeCurrentWindow on session 86c86318fb77513236c25f30fcb52ef1 to remote] RequestAddCookies:123 - CookieSpec selected: default
2021-12-31 20:52:37,935 DEBUG [Forwarding maximizeCurrentWindow on session 86c86318fb77513236c25f30fcb52ef1 to remote] RequestAuthCache:77 - Auth cache not set in the context
2021-12-31 20:52:37,935 DEBUG [Forwarding maximizeCurrentWindow on session 86c86318fb77513236c25f30fcb52ef1 to remote] PoolingHttpClientConnectionManager:255 - Connection request: [route: {}->http://localhost:9276][total kept alive: 1; route allocated: 1 of 2000; total allocated: 1 of 2000]
2021-12-31 20:52:37,935 DEBUG [Forwarding maximizeCurrentWindow on session 86c86318fb77513236c25f30fcb52ef1 to remote] PoolingHttpClientConnectionManager:288 - Connection leased: [id: 0][route: {}->http://localhost:9276][total kept alive: 0; route allocated: 1 of 2000; total allocated: 1 of 2000]
2021-12-31 20:52:37,935 DEBUG [Forwarding maximizeCurrentWindow on session 86c86318fb77513236c25f30fcb52ef1 to remote] MainClientExec:208 - Stale connection check
2021-12-31 20:52:37,951 DEBUG [Forwarding maximizeCurrentWindow on session 86c86318fb77513236c25f30fcb52ef1 to remote] wire:87 - http-outgoing-0 << "[read] I/O error: Read timed out"
2021-12-31 20:52:37,951 DEBUG [Forwarding maximizeCurrentWindow on session 86c86318fb77513236c25f30fcb52ef1 to remote] DefaultManagedHttpClientConnection:88 - http-outgoing-0: set socket timeout to 10800000
2021-12-31 20:52:37,951 DEBUG [Forwarding maximizeCurrentWindow on session 86c86318fb77513236c25f30fcb52ef1 to remote] MainClientExec:256 - Executing request POST /session/86c86318fb77513236c25f30fcb52ef1/window/maximize HTTP/1.1
2021-12-31 20:52:37,951 DEBUG [Forwarding maximizeCurrentWindow on session 86c86318fb77513236c25f30fcb52ef1 to remote] MainClientExec:261 - Target auth state: UNCHALLENGED
2021-12-31 20:52:37,951 DEBUG [Forwarding maximizeCurrentWindow on session 86c86318fb77513236c25f30fcb52ef1 to remote] MainClientExec:267 - Proxy auth state: UNCHALLENGED
2021-12-31 20:52:37,951 DEBUG [Forwarding maximizeCurrentWindow on session 86c86318fb77513236c25f30fcb52ef1 to remote] headers:133 - http-outgoing-0 >> POST /session/86c86318fb77513236c25f30fcb52ef1/window/maximize HTTP/1.1
2021-12-31 20:52:37,951 DEBUG [Forwarding maximizeCurrentWindow on session 86c86318fb77513236c25f30fcb52ef1 to remote] headers:136 - http-outgoing-0 >> Content-Type: application/json; charset=utf-8
2021-12-31 20:52:37,951 DEBUG [Forwarding maximizeCurrentWindow on session 86c86318fb77513236c25f30fcb52ef1 to remote] headers:136 - http-outgoing-0 >> Content-Length: 2
2021-12-31 20:52:37,951 DEBUG [Forwarding maximizeCurrentWindow on session 86c86318fb77513236c25f30fcb52ef1 to remote] headers:136 - http-outgoing-0 >> Host: localhost:9276
2021-12-31 20:52:37,951 DEBUG [Forwarding maximizeCurrentWindow on session 86c86318fb77513236c25f30fcb52ef1 to remote] headers:136 - http-outgoing-0 >> Connection: Keep-Alive
2021-12-31 20:52:37,951 DEBUG [Forwarding maximizeCurrentWindow on session 86c86318fb77513236c25f30fcb52ef1 to remote] headers:136 - http-outgoing-0 >> User-Agent: Apache-HttpClient/4.5.3 (Java/1.8.0_202)
2021-12-31 20:52:37,951 DEBUG [Forwarding maximizeCurrentWindow on session 86c86318fb77513236c25f30fcb52ef1 to remote] headers:136 - http-outgoing-0 >> Accept-Encoding: gzip,deflate
2021-12-31 20:52:37,951 DEBUG [Forwarding maximizeCurrentWindow on session 86c86318fb77513236c25f30fcb52ef1 to remote] wire:73 - http-outgoing-0 >> "POST /session/86c86318fb77513236c25f30fcb52ef1/window/maximize HTTP/1.1[\r][\n]"
2021-12-31 20:52:37,951 DEBUG [Forwarding maximizeCurrentWindow on session 86c86318fb77513236c25f30fcb52ef1 to remote] wire:73 - http-outgoing-0 >> "Content-Type: application/json; charset=utf-8[\r][\n]"
2021-12-31 20:52:37,951 DEBUG [Forwarding maximizeCurrentWindow on session 86c86318fb77513236c25f30fcb52ef1 to remote] wire:73 - http-outgoing-0 >> "Content-Length: 2[\r][\n]"
2021-12-31 20:52:37,951 DEBUG [Forwarding maximizeCurrentWindow on session 86c86318fb77513236c25f30fcb52ef1 to remote] wire:73 - http-outgoing-0 >> "Host: localhost:9276[\r][\n]"
2021-12-31 20:52:37,951 DEBUG [Forwarding maximizeCurrentWindow on session 86c86318fb77513236c25f30fcb52ef1 to remote] wire:73 - http-outgoing-0 >> "Connection: Keep-Alive[\r][\n]"
2021-12-31 20:52:37,951 DEBUG [Forwarding maximizeCurrentWindow on session 86c86318fb77513236c25f30fcb52ef1 to remote] wire:73 - http-outgoing-0 >> "User-Agent: Apache-HttpClient/4.5.3 (Java/1.8.0_202)[\r][\n]"
2021-12-31 20:52:37,951 DEBUG [Forwarding maximizeCurrentWindow on session 86c86318fb77513236c25f30fcb52ef1 to remote] wire:73 - http-outgoing-0 >> "Accept-Encoding: gzip,deflate[\r][\n]"
2021-12-31 20:52:37,951 DEBUG [Forwarding maximizeCurrentWindow on session 86c86318fb77513236c25f30fcb52ef1 to remote] wire:73 - http-outgoing-0 >> "[\r][\n]"
2021-12-31 20:52:37,951 DEBUG [Forwarding maximizeCurrentWindow on session 86c86318fb77513236c25f30fcb52ef1 to remote] wire:87 - http-outgoing-0 >> "{}"
2021-12-31 20:52:38,063 DEBUG [Forwarding maximizeCurrentWindow on session 86c86318fb77513236c25f30fcb52ef1 to remote] wire:73 - http-outgoing-0 << "HTTP/1.1 200 OK[\r][\n]"
2021-12-31 20:52:38,063 DEBUG [Forwarding maximizeCurrentWindow on session 86c86318fb77513236c25f30fcb52ef1 to remote] wire:73 - http-outgoing-0 << "Content-Length:51[\r][\n]"
2021-12-31 20:52:38,063 DEBUG [Forwarding maximizeCurrentWindow on session 86c86318fb77513236c25f30fcb52ef1 to remote] wire:73 - http-outgoing-0 << "Content-Type:application/json; charset=utf-8[\r][\n]"
2021-12-31 20:52:38,063 DEBUG [Forwarding maximizeCurrentWindow on session 86c86318fb77513236c25f30fcb52ef1 to remote] wire:73 - http-outgoing-0 << "cache-control:no-cache[\r][\n]"
2021-12-31 20:52:38,063 DEBUG [Forwarding maximizeCurrentWindow on session 86c86318fb77513236c25f30fcb52ef1 to remote] wire:73 - http-outgoing-0 << "[\r][\n]"
2021-12-31 20:52:38,063 DEBUG [Forwarding maximizeCurrentWindow on session 86c86318fb77513236c25f30fcb52ef1 to remote] wire:87 - http-outgoing-0 << "{"value":{"height":744,"width":1376,"x":-8,"y":-8}}"
2021-12-31 20:52:38,063 DEBUG [Forwarding maximizeCurrentWindow on session 86c86318fb77513236c25f30fcb52ef1 to remote] headers:122 - http-outgoing-0 << HTTP/1.1 200 OK
2021-12-31 20:52:38,063 DEBUG [Forwarding maximizeCurrentWindow on session 86c86318fb77513236c25f30fcb52ef1 to remote] headers:125 - http-outgoing-0 << Content-Length:51
2021-12-31 20:52:38,063 DEBUG [Forwarding maximizeCurrentWindow on session 86c86318fb77513236c25f30fcb52ef1 to remote] headers:125 - http-outgoing-0 << Content-Type:application/json; charset=utf-8
2021-12-31 20:52:38,063 DEBUG [Forwarding maximizeCurrentWindow on session 86c86318fb77513236c25f30fcb52ef1 to remote] headers:125 - http-outgoing-0 << cache-control:no-cache
2021-12-31 20:52:38,063 DEBUG [Forwarding maximizeCurrentWindow on session 86c86318fb77513236c25f30fcb52ef1 to remote] MainClientExec:285 - Connection can be kept alive indefinitely
2021-12-31 20:52:38,063 DEBUG [Forwarding maximizeCurrentWindow on session 86c86318fb77513236c25f30fcb52ef1 to remote] PoolingHttpClientConnectionManager:320 - Connection [id: 0][route: {}->http://localhost:9276] can be kept alive indefinitely
2021-12-31 20:52:38,063 DEBUG [Forwarding maximizeCurrentWindow on session 86c86318fb77513236c25f30fcb52ef1 to remote] PoolingHttpClientConnectionManager:326 - Connection released: [id: 0][route: {}->http://localhost:9276][total kept alive: 1; route allocated: 1 of 2000; total allocated: 1 of 2000]
2021-12-31 20:52:38,063 DEBUG [Forwarding get on session 86c86318fb77513236c25f30fcb52ef1 to remote] RequestAddCookies:123 - CookieSpec selected: default
2021-12-31 20:52:38,063 DEBUG [Forwarding get on session 86c86318fb77513236c25f30fcb52ef1 to remote] RequestAuthCache:77 - Auth cache not set in the context
2021-12-31 20:52:38,063 DEBUG [Forwarding get on session 86c86318fb77513236c25f30fcb52ef1 to remote] PoolingHttpClientConnectionManager:255 - Connection request: [route: {}->http://localhost:9276][total kept alive: 1; route allocated: 1 of 2000; total allocated: 1 of 2000]
2021-12-31 20:52:38,063 DEBUG [Forwarding get on session 86c86318fb77513236c25f30fcb52ef1 to remote] PoolingHttpClientConnectionManager:288 - Connection leased: [id: 0][route: {}->http://localhost:9276][total kept alive: 0; route allocated: 1 of 2000; total allocated: 1 of 2000]
2021-12-31 20:52:38,063 DEBUG [Forwarding get on session 86c86318fb77513236c25f30fcb52ef1 to remote] MainClientExec:208 - Stale connection check
2021-12-31 20:52:38,078 DEBUG [Forwarding get on session 86c86318fb77513236c25f30fcb52ef1 to remote] wire:87 - http-outgoing-0 << "[read] I/O error: Read timed out"
2021-12-31 20:52:38,078 DEBUG [Forwarding get on session 86c86318fb77513236c25f30fcb52ef1 to remote] DefaultManagedHttpClientConnection:88 - http-outgoing-0: set socket timeout to 10800000
2021-12-31 20:52:38,078 DEBUG [Forwarding get on session 86c86318fb77513236c25f30fcb52ef1 to remote] MainClientExec:256 - Executing request POST /session/86c86318fb77513236c25f30fcb52ef1/url HTTP/1.1
2021-12-31 20:52:38,078 DEBUG [Forwarding get on session 86c86318fb77513236c25f30fcb52ef1 to remote] MainClientExec:261 - Target auth state: UNCHALLENGED
2021-12-31 20:52:38,078 DEBUG [Forwarding get on session 86c86318fb77513236c25f30fcb52ef1 to remote] MainClientExec:267 - Proxy auth state: UNCHALLENGED
2021-12-31 20:52:38,078 DEBUG [Forwarding get on session 86c86318fb77513236c25f30fcb52ef1 to remote] headers:133 - http-outgoing-0 >> POST /session/86c86318fb77513236c25f30fcb52ef1/url HTTP/1.1
2021-12-31 20:52:38,078 DEBUG [Forwarding get on session 86c86318fb77513236c25f30fcb52ef1 to remote] headers:136 - http-outgoing-0 >> Content-Type: application/json; charset=utf-8
2021-12-31 20:52:38,078 DEBUG [Forwarding get on session 86c86318fb77513236c25f30fcb52ef1 to remote] headers:136 - http-outgoing-0 >> Content-Length: 37
2021-12-31 20:52:38,078 DEBUG [Forwarding get on session 86c86318fb77513236c25f30fcb52ef1 to remote] headers:136 - http-outgoing-0 >> Host: localhost:9276
2021-12-31 20:52:38,078 DEBUG [Forwarding get on session 86c86318fb77513236c25f30fcb52ef1 to remote] headers:136 - http-outgoing-0 >> Connection: Keep-Alive
2021-12-31 20:52:38,078 DEBUG [Forwarding get on session 86c86318fb77513236c25f30fcb52ef1 to remote] headers:136 - http-outgoing-0 >> User-Agent: Apache-HttpClient/4.5.3 (Java/1.8.0_202)
2021-12-31 20:52:38,078 DEBUG [Forwarding get on session 86c86318fb77513236c25f30fcb52ef1 to remote] headers:136 - http-outgoing-0 >> Accept-Encoding: gzip,deflate
2021-12-31 20:52:38,078 DEBUG [Forwarding get on session 86c86318fb77513236c25f30fcb52ef1 to remote] wire:73 - http-outgoing-0 >> "POST /session/86c86318fb77513236c25f30fcb52ef1/url HTTP/1.1[\r][\n]"
2021-12-31 20:52:38,078 DEBUG [Forwarding get on session 86c86318fb77513236c25f30fcb52ef1 to remote] wire:73 - http-outgoing-0 >> "Content-Type: application/json; charset=utf-8[\r][\n]"
2021-12-31 20:52:38,078 DEBUG [Forwarding get on session 86c86318fb77513236c25f30fcb52ef1 to remote] wire:73 - http-outgoing-0 >> "Content-Length: 37[\r][\n]"
2021-12-31 20:52:38,078 DEBUG [Forwarding get on session 86c86318fb77513236c25f30fcb52ef1 to remote] wire:73 - http-outgoing-0 >> "Host: localhost:9276[\r][\n]"
2021-12-31 20:52:38,078 DEBUG [Forwarding get on session 86c86318fb77513236c25f30fcb52ef1 to remote] wire:73 - http-outgoing-0 >> "Connection: Keep-Alive[\r][\n]"
2021-12-31 20:52:38,078 DEBUG [Forwarding get on session 86c86318fb77513236c25f30fcb52ef1 to remote] wire:73 - http-outgoing-0 >> "User-Agent: Apache-HttpClient/4.5.3 (Java/1.8.0_202)[\r][\n]"
2021-12-31 20:52:38,078 DEBUG [Forwarding get on session 86c86318fb77513236c25f30fcb52ef1 to remote] wire:73 - http-outgoing-0 >> "Accept-Encoding: gzip,deflate[\r][\n]"
2021-12-31 20:52:38,078 DEBUG [Forwarding get on session 86c86318fb77513236c25f30fcb52ef1 to remote] wire:73 - http-outgoing-0 >> "[\r][\n]"
2021-12-31 20:52:38,078 DEBUG [Forwarding get on session 86c86318fb77513236c25f30fcb52ef1 to remote] wire:87 - http-outgoing-0 >> "{"url":"https://kolhapur.gov.in/en/"}"
2021-12-31 20:52:43,056 DEBUG [Forwarding get on session 86c86318fb77513236c25f30fcb52ef1 to remote] wire:73 - http-outgoing-0 << "HTTP/1.1 200 OK[\r][\n]"
2021-12-31 20:52:43,056 DEBUG [Forwarding get on session 86c86318fb77513236c25f30fcb52ef1 to remote] wire:73 - http-outgoing-0 << "Content-Length:14[\r][\n]"
2021-12-31 20:52:43,057 DEBUG [Forwarding get on session 86c86318fb77513236c25f30fcb52ef1 to remote] wire:73 - http-outgoing-0 << "Content-Type:application/json; charset=utf-8[\r][\n]"
2021-12-31 20:52:43,057 DEBUG [Forwarding get on session 86c86318fb77513236c25f30fcb52ef1 to remote] wire:73 - http-outgoing-0 << "cache-control:no-cache[\r][\n]"
2021-12-31 20:52:43,057 DEBUG [Forwarding get on session 86c86318fb77513236c25f30fcb52ef1 to remote] wire:73 - http-outgoing-0 << "[\r][\n]"
2021-12-31 20:52:43,057 DEBUG [Forwarding get on session 86c86318fb77513236c25f30fcb52ef1 to remote] wire:87 - http-outgoing-0 << "{"value":null}"
2021-12-31 20:52:43,058 DEBUG [Forwarding get on session 86c86318fb77513236c25f30fcb52ef1 to remote] headers:122 - http-outgoing-0 << HTTP/1.1 200 OK
2021-12-31 20:52:43,058 DEBUG [Forwarding get on session 86c86318fb77513236c25f30fcb52ef1 to remote] headers:125 - http-outgoing-0 << Content-Length:14
2021-12-31 20:52:43,058 DEBUG [Forwarding get on session 86c86318fb77513236c25f30fcb52ef1 to remote] headers:125 - http-outgoing-0 << Content-Type:application/json; charset=utf-8
2021-12-31 20:52:43,058 DEBUG [Forwarding get on session 86c86318fb77513236c25f30fcb52ef1 to remote] headers:125 - http-outgoing-0 << cache-control:no-cache
2021-12-31 20:52:43,059 DEBUG [Forwarding get on session 86c86318fb77513236c25f30fcb52ef1 to remote] MainClientExec:285 - Connection can be kept alive indefinitely
2021-12-31 20:52:43,059 DEBUG [Forwarding get on session 86c86318fb77513236c25f30fcb52ef1 to remote] PoolingHttpClientConnectionManager:320 - Connection [id: 0][route: {}->http://localhost:9276] can be kept alive indefinitely
2021-12-31 20:52:43,059 DEBUG [Forwarding get on session 86c86318fb77513236c25f30fcb52ef1 to remote] PoolingHttpClientConnectionManager:326 - Connection released: [id: 0][route: {}->http://localhost:9276][total kept alive: 1; route allocated: 1 of 2000; total allocated: 1 of 2000]
2021-12-31 20:52:43,060  INFO [main] KolhapurAutomationHybridFramework:61 - **************************url lauched*****************
2021-12-31 20:52:43,089 DEBUG [Forwarding findElement on session 86c86318fb77513236c25f30fcb52ef1 to remote] RequestAddCookies:123 - CookieSpec selected: default
2021-12-31 20:52:43,089 DEBUG [Forwarding findElement on session 86c86318fb77513236c25f30fcb52ef1 to remote] RequestAuthCache:77 - Auth cache not set in the context
2021-12-31 20:52:43,089 DEBUG [Forwarding findElement on session 86c86318fb77513236c25f30fcb52ef1 to remote] PoolingHttpClientConnectionManager:255 - Connection request: [route: {}->http://localhost:9276][total kept alive: 1; route allocated: 1 of 2000; total allocated: 1 of 2000]
2021-12-31 20:52:43,090 DEBUG [Forwarding findElement on session 86c86318fb77513236c25f30fcb52ef1 to remote] PoolingHttpClientConnectionManager:288 - Connection leased: [id: 0][route: {}->http://localhost:9276][total kept alive: 0; route allocated: 1 of 2000; total allocated: 1 of 2000]
2021-12-31 20:52:43,090 DEBUG [Forwarding findElement on session 86c86318fb77513236c25f30fcb52ef1 to remote] MainClientExec:208 - Stale connection check
2021-12-31 20:52:43,093 DEBUG [Forwarding findElement on session 86c86318fb77513236c25f30fcb52ef1 to remote] wire:87 - http-outgoing-0 << "[read] I/O error: Read timed out"
2021-12-31 20:52:43,093 DEBUG [Forwarding findElement on session 86c86318fb77513236c25f30fcb52ef1 to remote] DefaultManagedHttpClientConnection:88 - http-outgoing-0: set socket timeout to 10800000
2021-12-31 20:52:43,093 DEBUG [Forwarding findElement on session 86c86318fb77513236c25f30fcb52ef1 to remote] MainClientExec:256 - Executing request POST /session/86c86318fb77513236c25f30fcb52ef1/element HTTP/1.1
2021-12-31 20:52:43,094 DEBUG [Forwarding findElement on session 86c86318fb77513236c25f30fcb52ef1 to remote] MainClientExec:261 - Target auth state: UNCHALLENGED
2021-12-31 20:52:43,094 DEBUG [Forwarding findElement on session 86c86318fb77513236c25f30fcb52ef1 to remote] MainClientExec:267 - Proxy auth state: UNCHALLENGED
2021-12-31 20:52:43,094 DEBUG [Forwarding findElement on session 86c86318fb77513236c25f30fcb52ef1 to remote] headers:133 - http-outgoing-0 >> POST /session/86c86318fb77513236c25f30fcb52ef1/element HTTP/1.1
2021-12-31 20:52:43,094 DEBUG [Forwarding findElement on session 86c86318fb77513236c25f30fcb52ef1 to remote] headers:136 - http-outgoing-0 >> Content-Type: application/json; charset=utf-8
2021-12-31 20:52:43,094 DEBUG [Forwarding findElement on session 86c86318fb77513236c25f30fcb52ef1 to remote] headers:136 - http-outgoing-0 >> Content-Length: 66
2021-12-31 20:52:43,095 DEBUG [Forwarding findElement on session 86c86318fb77513236c25f30fcb52ef1 to remote] headers:136 - http-outgoing-0 >> Host: localhost:9276
2021-12-31 20:52:43,095 DEBUG [Forwarding findElement on session 86c86318fb77513236c25f30fcb52ef1 to remote] headers:136 - http-outgoing-0 >> Connection: Keep-Alive
2021-12-31 20:52:43,095 DEBUG [Forwarding findElement on session 86c86318fb77513236c25f30fcb52ef1 to remote] headers:136 - http-outgoing-0 >> User-Agent: Apache-HttpClient/4.5.3 (Java/1.8.0_202)
2021-12-31 20:52:43,096 DEBUG [Forwarding findElement on session 86c86318fb77513236c25f30fcb52ef1 to remote] headers:136 - http-outgoing-0 >> Accept-Encoding: gzip,deflate
2021-12-31 20:52:43,096 DEBUG [Forwarding findElement on session 86c86318fb77513236c25f30fcb52ef1 to remote] wire:73 - http-outgoing-0 >> "POST /session/86c86318fb77513236c25f30fcb52ef1/element HTTP/1.1[\r][\n]"
2021-12-31 20:52:43,096 DEBUG [Forwarding findElement on session 86c86318fb77513236c25f30fcb52ef1 to remote] wire:73 - http-outgoing-0 >> "Content-Type: application/json; charset=utf-8[\r][\n]"
2021-12-31 20:52:43,096 DEBUG [Forwarding findElement on session 86c86318fb77513236c25f30fcb52ef1 to remote] wire:73 - http-outgoing-0 >> "Content-Length: 66[\r][\n]"
2021-12-31 20:52:43,096 DEBUG [Forwarding findElement on session 86c86318fb77513236c25f30fcb52ef1 to remote] wire:73 - http-outgoing-0 >> "Host: localhost:9276[\r][\n]"
2021-12-31 20:52:43,097 DEBUG [Forwarding findElement on session 86c86318fb77513236c25f30fcb52ef1 to remote] wire:73 - http-outgoing-0 >> "Connection: Keep-Alive[\r][\n]"
2021-12-31 20:52:43,097 DEBUG [Forwarding findElement on session 86c86318fb77513236c25f30fcb52ef1 to remote] wire:73 - http-outgoing-0 >> "User-Agent: Apache-HttpClient/4.5.3 (Java/1.8.0_202)[\r][\n]"
2021-12-31 20:52:43,097 DEBUG [Forwarding findElement on session 86c86318fb77513236c25f30fcb52ef1 to remote] wire:73 - http-outgoing-0 >> "Accept-Encoding: gzip,deflate[\r][\n]"
2021-12-31 20:52:43,097 DEBUG [Forwarding findElement on session 86c86318fb77513236c25f30fcb52ef1 to remote] wire:73 - http-outgoing-0 >> "[\r][\n]"
2021-12-31 20:52:43,097 DEBUG [Forwarding findElement on session 86c86318fb77513236c25f30fcb52ef1 to remote] wire:87 - http-outgoing-0 >> "{"value":"//a[text()\u003d\u0027Directory\u0027]","using":"xpath"}"
2021-12-31 20:52:43,108 DEBUG [Forwarding findElement on session 86c86318fb77513236c25f30fcb52ef1 to remote] wire:73 - http-outgoing-0 << "HTTP/1.1 200 OK[\r][\n]"
2021-12-31 20:52:43,108 DEBUG [Forwarding findElement on session 86c86318fb77513236c25f30fcb52ef1 to remote] wire:73 - http-outgoing-0 << "Content-Length:88[\r][\n]"
2021-12-31 20:52:43,108 DEBUG [Forwarding findElement on session 86c86318fb77513236c25f30fcb52ef1 to remote] wire:73 - http-outgoing-0 << "Content-Type:application/json; charset=utf-8[\r][\n]"
2021-12-31 20:52:43,109 DEBUG [Forwarding findElement on session 86c86318fb77513236c25f30fcb52ef1 to remote] wire:73 - http-outgoing-0 << "cache-control:no-cache[\r][\n]"
2021-12-31 20:52:43,109 DEBUG [Forwarding findElement on session 86c86318fb77513236c25f30fcb52ef1 to remote] wire:73 - http-outgoing-0 << "[\r][\n]"
2021-12-31 20:52:43,109 DEBUG [Forwarding findElement on session 86c86318fb77513236c25f30fcb52ef1 to remote] wire:87 - http-outgoing-0 << "{"value":{"element-6066-11e4-a52e-4f735466cecf":"f0903617-0b14-4955-8b7a-5738d11c0ad5"}}"
2021-12-31 20:52:43,109 DEBUG [Forwarding findElement on session 86c86318fb77513236c25f30fcb52ef1 to remote] headers:122 - http-outgoing-0 << HTTP/1.1 200 OK
2021-12-31 20:52:43,110 DEBUG [Forwarding findElement on session 86c86318fb77513236c25f30fcb52ef1 to remote] headers:125 - http-outgoing-0 << Content-Length:88
2021-12-31 20:52:43,110 DEBUG [Forwarding findElement on session 86c86318fb77513236c25f30fcb52ef1 to remote] headers:125 - http-outgoing-0 << Content-Type:application/json; charset=utf-8
2021-12-31 20:52:43,110 DEBUG [Forwarding findElement on session 86c86318fb77513236c25f30fcb52ef1 to remote] headers:125 - http-outgoing-0 << cache-control:no-cache
2021-12-31 20:52:43,110 DEBUG [Forwarding findElement on session 86c86318fb77513236c25f30fcb52ef1 to remote] MainClientExec:285 - Connection can be kept alive indefinitely
2021-12-31 20:52:43,111 DEBUG [Forwarding findElement on session 86c86318fb77513236c25f30fcb52ef1 to remote] PoolingHttpClientConnectionManager:320 - Connection [id: 0][route: {}->http://localhost:9276] can be kept alive indefinitely
2021-12-31 20:52:43,111 DEBUG [Forwarding findElement on session 86c86318fb77513236c25f30fcb52ef1 to remote] PoolingHttpClientConnectionManager:326 - Connection released: [id: 0][route: {}->http://localhost:9276][total kept alive: 1; route allocated: 1 of 2000; total allocated: 1 of 2000]
2021-12-31 20:52:43,112 DEBUG [Forwarding findElement on session 86c86318fb77513236c25f30fcb52ef1 to remote] RequestAddCookies:123 - CookieSpec selected: default
2021-12-31 20:52:43,112 DEBUG [Forwarding findElement on session 86c86318fb77513236c25f30fcb52ef1 to remote] RequestAuthCache:77 - Auth cache not set in the context
2021-12-31 20:52:43,112 DEBUG [Forwarding findElement on session 86c86318fb77513236c25f30fcb52ef1 to remote] PoolingHttpClientConnectionManager:255 - Connection request: [route: {}->http://localhost:9276][total kept alive: 1; route allocated: 1 of 2000; total allocated: 1 of 2000]
2021-12-31 20:52:43,112 DEBUG [Forwarding findElement on session 86c86318fb77513236c25f30fcb52ef1 to remote] PoolingHttpClientConnectionManager:288 - Connection leased: [id: 0][route: {}->http://localhost:9276][total kept alive: 0; route allocated: 1 of 2000; total allocated: 1 of 2000]
2021-12-31 20:52:43,112 DEBUG [Forwarding findElement on session 86c86318fb77513236c25f30fcb52ef1 to remote] MainClientExec:208 - Stale connection check
2021-12-31 20:52:43,128 DEBUG [Forwarding findElement on session 86c86318fb77513236c25f30fcb52ef1 to remote] wire:87 - http-outgoing-0 << "[read] I/O error: Read timed out"
2021-12-31 20:52:43,128 DEBUG [Forwarding findElement on session 86c86318fb77513236c25f30fcb52ef1 to remote] DefaultManagedHttpClientConnection:88 - http-outgoing-0: set socket timeout to 10800000
2021-12-31 20:52:43,128 DEBUG [Forwarding findElement on session 86c86318fb77513236c25f30fcb52ef1 to remote] MainClientExec:256 - Executing request POST /session/86c86318fb77513236c25f30fcb52ef1/element HTTP/1.1
2021-12-31 20:52:43,128 DEBUG [Forwarding findElement on session 86c86318fb77513236c25f30fcb52ef1 to remote] MainClientExec:261 - Target auth state: UNCHALLENGED
2021-12-31 20:52:43,128 DEBUG [Forwarding findElement on session 86c86318fb77513236c25f30fcb52ef1 to remote] MainClientExec:267 - Proxy auth state: UNCHALLENGED
2021-12-31 20:52:43,128 DEBUG [Forwarding findElement on session 86c86318fb77513236c25f30fcb52ef1 to remote] headers:133 - http-outgoing-0 >> POST /session/86c86318fb77513236c25f30fcb52ef1/element HTTP/1.1
2021-12-31 20:52:43,128 DEBUG [Forwarding findElement on session 86c86318fb77513236c25f30fcb52ef1 to remote] headers:136 - http-outgoing-0 >> Content-Type: application/json; charset=utf-8
2021-12-31 20:52:43,128 DEBUG [Forwarding findElement on session 86c86318fb77513236c25f30fcb52ef1 to remote] headers:136 - http-outgoing-0 >> Content-Length: 73
2021-12-31 20:52:43,128 DEBUG [Forwarding findElement on session 86c86318fb77513236c25f30fcb52ef1 to remote] headers:136 - http-outgoing-0 >> Host: localhost:9276
2021-12-31 20:52:43,128 DEBUG [Forwarding findElement on session 86c86318fb77513236c25f30fcb52ef1 to remote] headers:136 - http-outgoing-0 >> Connection: Keep-Alive
2021-12-31 20:52:43,128 DEBUG [Forwarding findElement on session 86c86318fb77513236c25f30fcb52ef1 to remote] headers:136 - http-outgoing-0 >> User-Agent: Apache-HttpClient/4.5.3 (Java/1.8.0_202)
2021-12-31 20:52:43,128 DEBUG [Forwarding findElement on session 86c86318fb77513236c25f30fcb52ef1 to remote] headers:136 - http-outgoing-0 >> Accept-Encoding: gzip,deflate
2021-12-31 20:52:43,128 DEBUG [Forwarding findElement on session 86c86318fb77513236c25f30fcb52ef1 to remote] wire:73 - http-outgoing-0 >> "POST /session/86c86318fb77513236c25f30fcb52ef1/element HTTP/1.1[\r][\n]"
2021-12-31 20:52:43,128 DEBUG [Forwarding findElement on session 86c86318fb77513236c25f30fcb52ef1 to remote] wire:73 - http-outgoing-0 >> "Content-Type: application/json; charset=utf-8[\r][\n]"
2021-12-31 20:52:43,128 DEBUG [Forwarding findElement on session 86c86318fb77513236c25f30fcb52ef1 to remote] wire:73 - http-outgoing-0 >> "Content-Length: 73[\r][\n]"
2021-12-31 20:52:43,128 DEBUG [Forwarding findElement on session 86c86318fb77513236c25f30fcb52ef1 to remote] wire:73 - http-outgoing-0 >> "Host: localhost:9276[\r][\n]"
2021-12-31 20:52:43,128 DEBUG [Forwarding findElement on session 86c86318fb77513236c25f30fcb52ef1 to remote] wire:73 - http-outgoing-0 >> "Connection: Keep-Alive[\r][\n]"
2021-12-31 20:52:43,128 DEBUG [Forwarding findElement on session 86c86318fb77513236c25f30fcb52ef1 to remote] wire:73 - http-outgoing-0 >> "User-Agent: Apache-HttpClient/4.5.3 (Java/1.8.0_202)[\r][\n]"
2021-12-31 20:52:43,128 DEBUG [Forwarding findElement on session 86c86318fb77513236c25f30fcb52ef1 to remote] wire:73 - http-outgoing-0 >> "Accept-Encoding: gzip,deflate[\r][\n]"
2021-12-31 20:52:43,128 DEBUG [Forwarding findElement on session 86c86318fb77513236c25f30fcb52ef1 to remote] wire:73 - http-outgoing-0 >> "[\r][\n]"
2021-12-31 20:52:43,128 DEBUG [Forwarding findElement on session 86c86318fb77513236c25f30fcb52ef1 to remote] wire:87 - http-outgoing-0 >> "{"value":"//a[text()\u003d\u0027Public Utilities\u0027]","using":"xpath"}"
2021-12-31 20:52:43,128 DEBUG [Forwarding findElement on session 86c86318fb77513236c25f30fcb52ef1 to remote] wire:73 - http-outgoing-0 << "HTTP/1.1 200 OK[\r][\n]"
2021-12-31 20:52:43,128 DEBUG [Forwarding findElement on session 86c86318fb77513236c25f30fcb52ef1 to remote] wire:73 - http-outgoing-0 << "Content-Length:88[\r][\n]"
2021-12-31 20:52:43,128 DEBUG [Forwarding findElement on session 86c86318fb77513236c25f30fcb52ef1 to remote] wire:73 - http-outgoing-0 << "Content-Type:application/json; charset=utf-8[\r][\n]"
2021-12-31 20:52:43,128 DEBUG [Forwarding findElement on session 86c86318fb77513236c25f30fcb52ef1 to remote] wire:73 - http-outgoing-0 << "cache-control:no-cache[\r][\n]"
2021-12-31 20:52:43,128 DEBUG [Forwarding findElement on session 86c86318fb77513236c25f30fcb52ef1 to remote] wire:73 - http-outgoing-0 << "[\r][\n]"
2021-12-31 20:52:43,128 DEBUG [Forwarding findElement on session 86c86318fb77513236c25f30fcb52ef1 to remote] wire:87 - http-outgoing-0 << "{"value":{"element-6066-11e4-a52e-4f735466cecf":"3783f18b-5d39-49df-a08f-e692191f52ce"}}"
2021-12-31 20:52:43,128 DEBUG [Forwarding findElement on session 86c86318fb77513236c25f30fcb52ef1 to remote] headers:122 - http-outgoing-0 << HTTP/1.1 200 OK
2021-12-31 20:52:43,128 DEBUG [Forwarding findElement on session 86c86318fb77513236c25f30fcb52ef1 to remote] headers:125 - http-outgoing-0 << Content-Length:88
2021-12-31 20:52:43,128 DEBUG [Forwarding findElement on session 86c86318fb77513236c25f30fcb52ef1 to remote] headers:125 - http-outgoing-0 << Content-Type:application/json; charset=utf-8
2021-12-31 20:52:43,128 DEBUG [Forwarding findElement on session 86c86318fb77513236c25f30fcb52ef1 to remote] headers:125 - http-outgoing-0 << cache-control:no-cache
2021-12-31 20:52:43,128 DEBUG [Forwarding findElement on session 86c86318fb77513236c25f30fcb52ef1 to remote] MainClientExec:285 - Connection can be kept alive indefinitely
2021-12-31 20:52:43,128 DEBUG [Forwarding findElement on session 86c86318fb77513236c25f30fcb52ef1 to remote] PoolingHttpClientConnectionManager:320 - Connection [id: 0][route: {}->http://localhost:9276] can be kept alive indefinitely
2021-12-31 20:52:43,128 DEBUG [Forwarding findElement on session 86c86318fb77513236c25f30fcb52ef1 to remote] PoolingHttpClientConnectionManager:326 - Connection released: [id: 0][route: {}->http://localhost:9276][total kept alive: 1; route allocated: 1 of 2000; total allocated: 1 of 2000]
2021-12-31 20:52:43,143 DEBUG [Forwarding actions on session 86c86318fb77513236c25f30fcb52ef1 to remote] RequestAddCookies:123 - CookieSpec selected: default
2021-12-31 20:52:43,143 DEBUG [Forwarding actions on session 86c86318fb77513236c25f30fcb52ef1 to remote] RequestAuthCache:77 - Auth cache not set in the context
2021-12-31 20:52:43,143 DEBUG [Forwarding actions on session 86c86318fb77513236c25f30fcb52ef1 to remote] PoolingHttpClientConnectionManager:255 - Connection request: [route: {}->http://localhost:9276][total kept alive: 1; route allocated: 1 of 2000; total allocated: 1 of 2000]
2021-12-31 20:52:43,143 DEBUG [Forwarding actions on session 86c86318fb77513236c25f30fcb52ef1 to remote] PoolingHttpClientConnectionManager:288 - Connection leased: [id: 0][route: {}->http://localhost:9276][total kept alive: 0; route allocated: 1 of 2000; total allocated: 1 of 2000]
2021-12-31 20:52:43,143 DEBUG [Forwarding actions on session 86c86318fb77513236c25f30fcb52ef1 to remote] MainClientExec:208 - Stale connection check
2021-12-31 20:52:43,159 DEBUG [Forwarding actions on session 86c86318fb77513236c25f30fcb52ef1 to remote] wire:87 - http-outgoing-0 << "[read] I/O error: Read timed out"
2021-12-31 20:52:43,159 DEBUG [Forwarding actions on session 86c86318fb77513236c25f30fcb52ef1 to remote] DefaultManagedHttpClientConnection:88 - http-outgoing-0: set socket timeout to 10800000
2021-12-31 20:52:43,159 DEBUG [Forwarding actions on session 86c86318fb77513236c25f30fcb52ef1 to remote] MainClientExec:256 - Executing request POST /session/86c86318fb77513236c25f30fcb52ef1/actions HTTP/1.1
2021-12-31 20:52:43,159 DEBUG [Forwarding actions on session 86c86318fb77513236c25f30fcb52ef1 to remote] MainClientExec:261 - Target auth state: UNCHALLENGED
2021-12-31 20:52:43,159 DEBUG [Forwarding actions on session 86c86318fb77513236c25f30fcb52ef1 to remote] MainClientExec:267 - Proxy auth state: UNCHALLENGED
2021-12-31 20:52:43,159 DEBUG [Forwarding actions on session 86c86318fb77513236c25f30fcb52ef1 to remote] headers:133 - http-outgoing-0 >> POST /session/86c86318fb77513236c25f30fcb52ef1/actions HTTP/1.1
2021-12-31 20:52:43,159 DEBUG [Forwarding actions on session 86c86318fb77513236c25f30fcb52ef1 to remote] headers:136 - http-outgoing-0 >> Content-Type: application/json; charset=utf-8
2021-12-31 20:52:43,159 DEBUG [Forwarding actions on session 86c86318fb77513236c25f30fcb52ef1 to remote] headers:136 - http-outgoing-0 >> Content-Length: 476
2021-12-31 20:52:43,159 DEBUG [Forwarding actions on session 86c86318fb77513236c25f30fcb52ef1 to remote] headers:136 - http-outgoing-0 >> Host: localhost:9276
2021-12-31 20:52:43,159 DEBUG [Forwarding actions on session 86c86318fb77513236c25f30fcb52ef1 to remote] headers:136 - http-outgoing-0 >> Connection: Keep-Alive
2021-12-31 20:52:43,159 DEBUG [Forwarding actions on session 86c86318fb77513236c25f30fcb52ef1 to remote] headers:136 - http-outgoing-0 >> User-Agent: Apache-HttpClient/4.5.3 (Java/1.8.0_202)
2021-12-31 20:52:43,159 DEBUG [Forwarding actions on session 86c86318fb77513236c25f30fcb52ef1 to remote] headers:136 - http-outgoing-0 >> Accept-Encoding: gzip,deflate
2021-12-31 20:52:43,159 DEBUG [Forwarding actions on session 86c86318fb77513236c25f30fcb52ef1 to remote] wire:73 - http-outgoing-0 >> "POST /session/86c86318fb77513236c25f30fcb52ef1/actions HTTP/1.1[\r][\n]"
2021-12-31 20:52:43,159 DEBUG [Forwarding actions on session 86c86318fb77513236c25f30fcb52ef1 to remote] wire:73 - http-outgoing-0 >> "Content-Type: application/json; charset=utf-8[\r][\n]"
2021-12-31 20:52:43,159 DEBUG [Forwarding actions on session 86c86318fb77513236c25f30fcb52ef1 to remote] wire:73 - http-outgoing-0 >> "Content-Length: 476[\r][\n]"
2021-12-31 20:52:43,159 DEBUG [Forwarding actions on session 86c86318fb77513236c25f30fcb52ef1 to remote] wire:73 - http-outgoing-0 >> "Host: localhost:9276[\r][\n]"
2021-12-31 20:52:43,159 DEBUG [Forwarding actions on session 86c86318fb77513236c25f30fcb52ef1 to remote] wire:73 - http-outgoing-0 >> "Connection: Keep-Alive[\r][\n]"
2021-12-31 20:52:43,159 DEBUG [Forwarding actions on session 86c86318fb77513236c25f30fcb52ef1 to remote] wire:73 - http-outgoing-0 >> "User-Agent: Apache-HttpClient/4.5.3 (Java/1.8.0_202)[\r][\n]"
2021-12-31 20:52:43,159 DEBUG [Forwarding actions on session 86c86318fb77513236c25f30fcb52ef1 to remote] wire:73 - http-outgoing-0 >> "Accept-Encoding: gzip,deflate[\r][\n]"
2021-12-31 20:52:43,159 DEBUG [Forwarding actions on session 86c86318fb77513236c25f30fcb52ef1 to remote] wire:73 - http-outgoing-0 >> "[\r][\n]"
2021-12-31 20:52:43,159 DEBUG [Forwarding actions on session 86c86318fb77513236c25f30fcb52ef1 to remote] wire:87 - http-outgoing-0 >> "{"actions":[{"id":"default mouse","type":"pointer","parameters":{"pointerType":"mouse"},"actions":[{"duration":100,"x":0,"y":0,"type":"pointerMove","origin":{"ELEMENT":"f0903617-0b14-4955-8b7a-5738d11c0ad5","element-6066-11e4-a52e-4f735466cecf":"f0903617-0b14-4955-8b7a-5738d11c0ad5"}},{"duration":100,"x":0,"y":0,"type":"pointerMove","origin":{"ELEMENT":"3783f18b-5d39-49df-a08f-e692191f52ce","element-6066-11e4-a52e-4f735466cecf":"3783f18b-5d39-49df-a08f-e692191f52ce"}}]}]}"
2021-12-31 20:52:43,411 DEBUG [Forwarding actions on session 86c86318fb77513236c25f30fcb52ef1 to remote] wire:73 - http-outgoing-0 << "HTTP/1.1 200 OK[\r][\n]"
2021-12-31 20:52:43,411 DEBUG [Forwarding actions on session 86c86318fb77513236c25f30fcb52ef1 to remote] wire:73 - http-outgoing-0 << "Content-Length:14[\r][\n]"
2021-12-31 20:52:43,411 DEBUG [Forwarding actions on session 86c86318fb77513236c25f30fcb52ef1 to remote] wire:73 - http-outgoing-0 << "Content-Type:application/json; charset=utf-8[\r][\n]"
2021-12-31 20:52:43,412 DEBUG [Forwarding actions on session 86c86318fb77513236c25f30fcb52ef1 to remote] wire:73 - http-outgoing-0 << "cache-control:no-cache[\r][\n]"
2021-12-31 20:52:43,412 DEBUG [Forwarding actions on session 86c86318fb77513236c25f30fcb52ef1 to remote] wire:73 - http-outgoing-0 << "[\r][\n]"
2021-12-31 20:52:43,412 DEBUG [Forwarding actions on session 86c86318fb77513236c25f30fcb52ef1 to remote] wire:87 - http-outgoing-0 << "{"value":null}"
2021-12-31 20:52:43,412 DEBUG [Forwarding actions on session 86c86318fb77513236c25f30fcb52ef1 to remote] headers:122 - http-outgoing-0 << HTTP/1.1 200 OK
2021-12-31 20:52:43,412 DEBUG [Forwarding actions on session 86c86318fb77513236c25f30fcb52ef1 to remote] headers:125 - http-outgoing-0 << Content-Length:14
2021-12-31 20:52:43,412 DEBUG [Forwarding actions on session 86c86318fb77513236c25f30fcb52ef1 to remote] headers:125 - http-outgoing-0 << Content-Type:application/json; charset=utf-8
2021-12-31 20:52:43,412 DEBUG [Forwarding actions on session 86c86318fb77513236c25f30fcb52ef1 to remote] headers:125 - http-outgoing-0 << cache-control:no-cache
2021-12-31 20:52:43,413 DEBUG [Forwarding actions on session 86c86318fb77513236c25f30fcb52ef1 to remote] MainClientExec:285 - Connection can be kept alive indefinitely
2021-12-31 20:52:43,413 DEBUG [Forwarding actions on session 86c86318fb77513236c25f30fcb52ef1 to remote] PoolingHttpClientConnectionManager:320 - Connection [id: 0][route: {}->http://localhost:9276] can be kept alive indefinitely
2021-12-31 20:52:43,413 DEBUG [Forwarding actions on session 86c86318fb77513236c25f30fcb52ef1 to remote] PoolingHttpClientConnectionManager:326 - Connection released: [id: 0][route: {}->http://localhost:9276][total kept alive: 1; route allocated: 1 of 2000; total allocated: 1 of 2000]
2021-12-31 20:52:43,415 DEBUG [Forwarding findElement on session 86c86318fb77513236c25f30fcb52ef1 to remote] RequestAddCookies:123 - CookieSpec selected: default
2021-12-31 20:52:43,415 DEBUG [Forwarding findElement on session 86c86318fb77513236c25f30fcb52ef1 to remote] RequestAuthCache:77 - Auth cache not set in the context
2021-12-31 20:52:43,415 DEBUG [Forwarding findElement on session 86c86318fb77513236c25f30fcb52ef1 to remote] PoolingHttpClientConnectionManager:255 - Connection request: [route: {}->http://localhost:9276][total kept alive: 1; route allocated: 1 of 2000; total allocated: 1 of 2000]
2021-12-31 20:52:43,416 DEBUG [Forwarding findElement on session 86c86318fb77513236c25f30fcb52ef1 to remote] PoolingHttpClientConnectionManager:288 - Connection leased: [id: 0][route: {}->http://localhost:9276][total kept alive: 0; route allocated: 1 of 2000; total allocated: 1 of 2000]
2021-12-31 20:52:43,416 DEBUG [Forwarding findElement on session 86c86318fb77513236c25f30fcb52ef1 to remote] MainClientExec:208 - Stale connection check
2021-12-31 20:52:43,426 DEBUG [Forwarding findElement on session 86c86318fb77513236c25f30fcb52ef1 to remote] wire:87 - http-outgoing-0 << "[read] I/O error: Read timed out"
2021-12-31 20:52:43,426 DEBUG [Forwarding findElement on session 86c86318fb77513236c25f30fcb52ef1 to remote] DefaultManagedHttpClientConnection:88 - http-outgoing-0: set socket timeout to 10800000
2021-12-31 20:52:43,426 DEBUG [Forwarding findElement on session 86c86318fb77513236c25f30fcb52ef1 to remote] MainClientExec:256 - Executing request POST /session/86c86318fb77513236c25f30fcb52ef1/element HTTP/1.1
2021-12-31 20:52:43,426 DEBUG [Forwarding findElement on session 86c86318fb77513236c25f30fcb52ef1 to remote] MainClientExec:261 - Target auth state: UNCHALLENGED
2021-12-31 20:52:43,427 DEBUG [Forwarding findElement on session 86c86318fb77513236c25f30fcb52ef1 to remote] MainClientExec:267 - Proxy auth state: UNCHALLENGED
2021-12-31 20:52:43,427 DEBUG [Forwarding findElement on session 86c86318fb77513236c25f30fcb52ef1 to remote] headers:133 - http-outgoing-0 >> POST /session/86c86318fb77513236c25f30fcb52ef1/element HTTP/1.1
2021-12-31 20:52:43,427 DEBUG [Forwarding findElement on session 86c86318fb77513236c25f30fcb52ef1 to remote] headers:136 - http-outgoing-0 >> Content-Type: application/json; charset=utf-8
2021-12-31 20:52:43,427 DEBUG [Forwarding findElement on session 86c86318fb77513236c25f30fcb52ef1 to remote] headers:136 - http-outgoing-0 >> Content-Length: 77
2021-12-31 20:52:43,427 DEBUG [Forwarding findElement on session 86c86318fb77513236c25f30fcb52ef1 to remote] headers:136 - http-outgoing-0 >> Host: localhost:9276
2021-12-31 20:52:43,427 DEBUG [Forwarding findElement on session 86c86318fb77513236c25f30fcb52ef1 to remote] headers:136 - http-outgoing-0 >> Connection: Keep-Alive
2021-12-31 20:52:43,428 DEBUG [Forwarding findElement on session 86c86318fb77513236c25f30fcb52ef1 to remote] headers:136 - http-outgoing-0 >> User-Agent: Apache-HttpClient/4.5.3 (Java/1.8.0_202)
2021-12-31 20:52:43,428 DEBUG [Forwarding findElement on session 86c86318fb77513236c25f30fcb52ef1 to remote] headers:136 - http-outgoing-0 >> Accept-Encoding: gzip,deflate
2021-12-31 20:52:43,428 DEBUG [Forwarding findElement on session 86c86318fb77513236c25f30fcb52ef1 to remote] wire:73 - http-outgoing-0 >> "POST /session/86c86318fb77513236c25f30fcb52ef1/element HTTP/1.1[\r][\n]"
2021-12-31 20:52:43,428 DEBUG [Forwarding findElement on session 86c86318fb77513236c25f30fcb52ef1 to remote] wire:73 - http-outgoing-0 >> "Content-Type: application/json; charset=utf-8[\r][\n]"
2021-12-31 20:52:43,428 DEBUG [Forwarding findElement on session 86c86318fb77513236c25f30fcb52ef1 to remote] wire:73 - http-outgoing-0 >> "Content-Length: 77[\r][\n]"
2021-12-31 20:52:43,428 DEBUG [Forwarding findElement on session 86c86318fb77513236c25f30fcb52ef1 to remote] wire:73 - http-outgoing-0 >> "Host: localhost:9276[\r][\n]"
2021-12-31 20:52:43,428 DEBUG [Forwarding findElement on session 86c86318fb77513236c25f30fcb52ef1 to remote] wire:73 - http-outgoing-0 >> "Connection: Keep-Alive[\r][\n]"
2021-12-31 20:52:43,429 DEBUG [Forwarding findElement on session 86c86318fb77513236c25f30fcb52ef1 to remote] wire:73 - http-outgoing-0 >> "User-Agent: Apache-HttpClient/4.5.3 (Java/1.8.0_202)[\r][\n]"
2021-12-31 20:52:43,429 DEBUG [Forwarding findElement on session 86c86318fb77513236c25f30fcb52ef1 to remote] wire:73 - http-outgoing-0 >> "Accept-Encoding: gzip,deflate[\r][\n]"
2021-12-31 20:52:43,429 DEBUG [Forwarding findElement on session 86c86318fb77513236c25f30fcb52ef1 to remote] wire:73 - http-outgoing-0 >> "[\r][\n]"
2021-12-31 20:52:43,429 DEBUG [Forwarding findElement on session 86c86318fb77513236c25f30fcb52ef1 to remote] wire:87 - http-outgoing-0 >> "{"value":"ul.sub-menu.show-menu\u003e#menu-item-2827","using":"css selector"}"
2021-12-31 20:52:43,438 DEBUG [Forwarding findElement on session 86c86318fb77513236c25f30fcb52ef1 to remote] wire:73 - http-outgoing-0 << "HTTP/1.1 200 OK[\r][\n]"
2021-12-31 20:52:43,438 DEBUG [Forwarding findElement on session 86c86318fb77513236c25f30fcb52ef1 to remote] wire:73 - http-outgoing-0 << "Content-Length:88[\r][\n]"
2021-12-31 20:52:43,439 DEBUG [Forwarding findElement on session 86c86318fb77513236c25f30fcb52ef1 to remote] wire:73 - http-outgoing-0 << "Content-Type:application/json; charset=utf-8[\r][\n]"
2021-12-31 20:52:43,439 DEBUG [Forwarding findElement on session 86c86318fb77513236c25f30fcb52ef1 to remote] wire:73 - http-outgoing-0 << "cache-control:no-cache[\r][\n]"
2021-12-31 20:52:43,439 DEBUG [Forwarding findElement on session 86c86318fb77513236c25f30fcb52ef1 to remote] wire:73 - http-outgoing-0 << "[\r][\n]"
2021-12-31 20:52:43,439 DEBUG [Forwarding findElement on session 86c86318fb77513236c25f30fcb52ef1 to remote] wire:87 - http-outgoing-0 << "{"value":{"element-6066-11e4-a52e-4f735466cecf":"86820e68-ec8b-4046-86c7-c7ee01dc5194"}}"
2021-12-31 20:52:43,439 DEBUG [Forwarding findElement on session 86c86318fb77513236c25f30fcb52ef1 to remote] headers:122 - http-outgoing-0 << HTTP/1.1 200 OK
2021-12-31 20:52:43,439 DEBUG [Forwarding findElement on session 86c86318fb77513236c25f30fcb52ef1 to remote] headers:125 - http-outgoing-0 << Content-Length:88
2021-12-31 20:52:43,440 DEBUG [Forwarding findElement on session 86c86318fb77513236c25f30fcb52ef1 to remote] headers:125 - http-outgoing-0 << Content-Type:application/json; charset=utf-8
2021-12-31 20:52:43,440 DEBUG [Forwarding findElement on session 86c86318fb77513236c25f30fcb52ef1 to remote] headers:125 - http-outgoing-0 << cache-control:no-cache
2021-12-31 20:52:43,440 DEBUG [Forwarding findElement on session 86c86318fb77513236c25f30fcb52ef1 to remote] MainClientExec:285 - Connection can be kept alive indefinitely
2021-12-31 20:52:43,440 DEBUG [Forwarding findElement on session 86c86318fb77513236c25f30fcb52ef1 to remote] PoolingHttpClientConnectionManager:320 - Connection [id: 0][route: {}->http://localhost:9276] can be kept alive indefinitely
2021-12-31 20:52:43,440 DEBUG [Forwarding findElement on session 86c86318fb77513236c25f30fcb52ef1 to remote] PoolingHttpClientConnectionManager:326 - Connection released: [id: 0][route: {}->http://localhost:9276][total kept alive: 1; route allocated: 1 of 2000; total allocated: 1 of 2000]
2021-12-31 20:52:43,443 DEBUG [Forwarding clickElement on session 86c86318fb77513236c25f30fcb52ef1 to remote] RequestAddCookies:123 - CookieSpec selected: default
2021-12-31 20:52:43,443 DEBUG [Forwarding clickElement on session 86c86318fb77513236c25f30fcb52ef1 to remote] RequestAuthCache:77 - Auth cache not set in the context
2021-12-31 20:52:43,443 DEBUG [Forwarding clickElement on session 86c86318fb77513236c25f30fcb52ef1 to remote] PoolingHttpClientConnectionManager:255 - Connection request: [route: {}->http://localhost:9276][total kept alive: 1; route allocated: 1 of 2000; total allocated: 1 of 2000]
2021-12-31 20:52:43,444 DEBUG [Forwarding clickElement on session 86c86318fb77513236c25f30fcb52ef1 to remote] PoolingHttpClientConnectionManager:288 - Connection leased: [id: 0][route: {}->http://localhost:9276][total kept alive: 0; route allocated: 1 of 2000; total allocated: 1 of 2000]
2021-12-31 20:52:43,444 DEBUG [Forwarding clickElement on session 86c86318fb77513236c25f30fcb52ef1 to remote] MainClientExec:208 - Stale connection check
2021-12-31 20:52:43,458 DEBUG [Forwarding clickElement on session 86c86318fb77513236c25f30fcb52ef1 to remote] wire:87 - http-outgoing-0 << "[read] I/O error: Read timed out"
2021-12-31 20:52:43,458 DEBUG [Forwarding clickElement on session 86c86318fb77513236c25f30fcb52ef1 to remote] DefaultManagedHttpClientConnection:88 - http-outgoing-0: set socket timeout to 10800000
2021-12-31 20:52:43,458 DEBUG [Forwarding clickElement on session 86c86318fb77513236c25f30fcb52ef1 to remote] MainClientExec:256 - Executing request POST /session/86c86318fb77513236c25f30fcb52ef1/element/86820e68-ec8b-4046-86c7-c7ee01dc5194/click HTTP/1.1
2021-12-31 20:52:43,459 DEBUG [Forwarding clickElement on session 86c86318fb77513236c25f30fcb52ef1 to remote] MainClientExec:261 - Target auth state: UNCHALLENGED
2021-12-31 20:52:43,459 DEBUG [Forwarding clickElement on session 86c86318fb77513236c25f30fcb52ef1 to remote] MainClientExec:267 - Proxy auth state: UNCHALLENGED
2021-12-31 20:52:43,459 DEBUG [Forwarding clickElement on session 86c86318fb77513236c25f30fcb52ef1 to remote] headers:133 - http-outgoing-0 >> POST /session/86c86318fb77513236c25f30fcb52ef1/element/86820e68-ec8b-4046-86c7-c7ee01dc5194/click HTTP/1.1
2021-12-31 20:52:43,459 DEBUG [Forwarding clickElement on session 86c86318fb77513236c25f30fcb52ef1 to remote] headers:136 - http-outgoing-0 >> Content-Type: application/json; charset=utf-8
2021-12-31 20:52:43,459 DEBUG [Forwarding clickElement on session 86c86318fb77513236c25f30fcb52ef1 to remote] headers:136 - http-outgoing-0 >> Content-Length: 45
2021-12-31 20:52:43,459 DEBUG [Forwarding clickElement on session 86c86318fb77513236c25f30fcb52ef1 to remote] headers:136 - http-outgoing-0 >> Host: localhost:9276
2021-12-31 20:52:43,459 DEBUG [Forwarding clickElement on session 86c86318fb77513236c25f30fcb52ef1 to remote] headers:136 - http-outgoing-0 >> Connection: Keep-Alive
2021-12-31 20:52:43,460 DEBUG [Forwarding clickElement on session 86c86318fb77513236c25f30fcb52ef1 to remote] headers:136 - http-outgoing-0 >> User-Agent: Apache-HttpClient/4.5.3 (Java/1.8.0_202)
2021-12-31 20:52:43,460 DEBUG [Forwarding clickElement on session 86c86318fb77513236c25f30fcb52ef1 to remote] headers:136 - http-outgoing-0 >> Accept-Encoding: gzip,deflate
2021-12-31 20:52:43,460 DEBUG [Forwarding clickElement on session 86c86318fb77513236c25f30fcb52ef1 to remote] wire:73 - http-outgoing-0 >> "POST /session/86c86318fb77513236c25f30fcb52ef1/element/86820e68-ec8b-4046-86c7-c7ee01dc5194/click HTTP/1.1[\r][\n]"
2021-12-31 20:52:43,460 DEBUG [Forwarding clickElement on session 86c86318fb77513236c25f30fcb52ef1 to remote] wire:73 - http-outgoing-0 >> "Content-Type: application/json; charset=utf-8[\r][\n]"
2021-12-31 20:52:43,460 DEBUG [Forwarding clickElement on session 86c86318fb77513236c25f30fcb52ef1 to remote] wire:73 - http-outgoing-0 >> "Content-Length: 45[\r][\n]"
2021-12-31 20:52:43,460 DEBUG [Forwarding clickElement on session 86c86318fb77513236c25f30fcb52ef1 to remote] wire:73 - http-outgoing-0 >> "Host: localhost:9276[\r][\n]"
2021-12-31 20:52:43,460 DEBUG [Forwarding clickElement on session 86c86318fb77513236c25f30fcb52ef1 to remote] wire:73 - http-outgoing-0 >> "Connection: Keep-Alive[\r][\n]"
2021-12-31 20:52:43,460 DEBUG [Forwarding clickElement on session 86c86318fb77513236c25f30fcb52ef1 to remote] wire:73 - http-outgoing-0 >> "User-Agent: Apache-HttpClient/4.5.3 (Java/1.8.0_202)[\r][\n]"
2021-12-31 20:52:43,461 DEBUG [Forwarding clickElement on session 86c86318fb77513236c25f30fcb52ef1 to remote] wire:73 - http-outgoing-0 >> "Accept-Encoding: gzip,deflate[\r][\n]"
2021-12-31 20:52:43,461 DEBUG [Forwarding clickElement on session 86c86318fb77513236c25f30fcb52ef1 to remote] wire:73 - http-outgoing-0 >> "[\r][\n]"
2021-12-31 20:52:43,461 DEBUG [Forwarding clickElement on session 86c86318fb77513236c25f30fcb52ef1 to remote] wire:87 - http-outgoing-0 >> "{"id":"86820e68-ec8b-4046-86c7-c7ee01dc5194"}"
2021-12-31 20:52:46,991 DEBUG [Forwarding clickElement on session 86c86318fb77513236c25f30fcb52ef1 to remote] wire:73 - http-outgoing-0 << "HTTP/1.1 200 OK[\r][\n]"
2021-12-31 20:52:46,991 DEBUG [Forwarding clickElement on session 86c86318fb77513236c25f30fcb52ef1 to remote] wire:73 - http-outgoing-0 << "Content-Length:14[\r][\n]"
2021-12-31 20:52:46,992 DEBUG [Forwarding clickElement on session 86c86318fb77513236c25f30fcb52ef1 to remote] wire:73 - http-outgoing-0 << "Content-Type:application/json; charset=utf-8[\r][\n]"
2021-12-31 20:52:46,992 DEBUG [Forwarding clickElement on session 86c86318fb77513236c25f30fcb52ef1 to remote] wire:73 - http-outgoing-0 << "cache-control:no-cache[\r][\n]"
2021-12-31 20:52:46,992 DEBUG [Forwarding clickElement on session 86c86318fb77513236c25f30fcb52ef1 to remote] wire:73 - http-outgoing-0 << "[\r][\n]"
2021-12-31 20:52:46,993 DEBUG [Forwarding clickElement on session 86c86318fb77513236c25f30fcb52ef1 to remote] wire:87 - http-outgoing-0 << "{"value":null}"
2021-12-31 20:52:46,993 DEBUG [Forwarding clickElement on session 86c86318fb77513236c25f30fcb52ef1 to remote] headers:122 - http-outgoing-0 << HTTP/1.1 200 OK
2021-12-31 20:52:46,993 DEBUG [Forwarding clickElement on session 86c86318fb77513236c25f30fcb52ef1 to remote] headers:125 - http-outgoing-0 << Content-Length:14
2021-12-31 20:52:46,993 DEBUG [Forwarding clickElement on session 86c86318fb77513236c25f30fcb52ef1 to remote] headers:125 - http-outgoing-0 << Content-Type:application/json; charset=utf-8
2021-12-31 20:52:46,994 DEBUG [Forwarding clickElement on session 86c86318fb77513236c25f30fcb52ef1 to remote] headers:125 - http-outgoing-0 << cache-control:no-cache
2021-12-31 20:52:46,994 DEBUG [Forwarding clickElement on session 86c86318fb77513236c25f30fcb52ef1 to remote] MainClientExec:285 - Connection can be kept alive indefinitely
2021-12-31 20:52:46,995 DEBUG [Forwarding clickElement on session 86c86318fb77513236c25f30fcb52ef1 to remote] PoolingHttpClientConnectionManager:320 - Connection [id: 0][route: {}->http://localhost:9276] can be kept alive indefinitely
2021-12-31 20:52:46,995 DEBUG [Forwarding clickElement on session 86c86318fb77513236c25f30fcb52ef1 to remote] PoolingHttpClientConnectionManager:326 - Connection released: [id: 0][route: {}->http://localhost:9276][total kept alive: 1; route allocated: 1 of 2000; total allocated: 1 of 2000]
2021-12-31 20:52:46,997 DEBUG [Forwarding findElement on session 86c86318fb77513236c25f30fcb52ef1 to remote] RequestAddCookies:123 - CookieSpec selected: default
2021-12-31 20:52:46,998 DEBUG [Forwarding findElement on session 86c86318fb77513236c25f30fcb52ef1 to remote] RequestAuthCache:77 - Auth cache not set in the context
2021-12-31 20:52:46,998 DEBUG [Forwarding findElement on session 86c86318fb77513236c25f30fcb52ef1 to remote] PoolingHttpClientConnectionManager:255 - Connection request: [route: {}->http://localhost:9276][total kept alive: 1; route allocated: 1 of 2000; total allocated: 1 of 2000]
2021-12-31 20:52:46,998 DEBUG [Forwarding findElement on session 86c86318fb77513236c25f30fcb52ef1 to remote] PoolingHttpClientConnectionManager:288 - Connection leased: [id: 0][route: {}->http://localhost:9276][total kept alive: 0; route allocated: 1 of 2000; total allocated: 1 of 2000]
2021-12-31 20:52:46,998 DEBUG [Forwarding findElement on session 86c86318fb77513236c25f30fcb52ef1 to remote] MainClientExec:208 - Stale connection check
2021-12-31 20:52:47,008 DEBUG [Forwarding findElement on session 86c86318fb77513236c25f30fcb52ef1 to remote] wire:87 - http-outgoing-0 << "[read] I/O error: Read timed out"
2021-12-31 20:52:47,008 DEBUG [Forwarding findElement on session 86c86318fb77513236c25f30fcb52ef1 to remote] DefaultManagedHttpClientConnection:88 - http-outgoing-0: set socket timeout to 10800000
2021-12-31 20:52:47,008 DEBUG [Forwarding findElement on session 86c86318fb77513236c25f30fcb52ef1 to remote] MainClientExec:256 - Executing request POST /session/86c86318fb77513236c25f30fcb52ef1/element HTTP/1.1
2021-12-31 20:52:47,008 DEBUG [Forwarding findElement on session 86c86318fb77513236c25f30fcb52ef1 to remote] MainClientExec:261 - Target auth state: UNCHALLENGED
2021-12-31 20:52:47,008 DEBUG [Forwarding findElement on session 86c86318fb77513236c25f30fcb52ef1 to remote] MainClientExec:267 - Proxy auth state: UNCHALLENGED
2021-12-31 20:52:47,009 DEBUG [Forwarding findElement on session 86c86318fb77513236c25f30fcb52ef1 to remote] headers:133 - http-outgoing-0 >> POST /session/86c86318fb77513236c25f30fcb52ef1/element HTTP/1.1
2021-12-31 20:52:47,009 DEBUG [Forwarding findElement on session 86c86318fb77513236c25f30fcb52ef1 to remote] headers:136 - http-outgoing-0 >> Content-Type: application/json; charset=utf-8
2021-12-31 20:52:47,009 DEBUG [Forwarding findElement on session 86c86318fb77513236c25f30fcb52ef1 to remote] headers:136 - http-outgoing-0 >> Content-Length: 81
2021-12-31 20:52:47,009 DEBUG [Forwarding findElement on session 86c86318fb77513236c25f30fcb52ef1 to remote] headers:136 - http-outgoing-0 >> Host: localhost:9276
2021-12-31 20:52:47,009 DEBUG [Forwarding findElement on session 86c86318fb77513236c25f30fcb52ef1 to remote] headers:136 - http-outgoing-0 >> Connection: Keep-Alive
2021-12-31 20:52:47,009 DEBUG [Forwarding findElement on session 86c86318fb77513236c25f30fcb52ef1 to remote] headers:136 - http-outgoing-0 >> User-Agent: Apache-HttpClient/4.5.3 (Java/1.8.0_202)
2021-12-31 20:52:47,009 DEBUG [Forwarding findElement on session 86c86318fb77513236c25f30fcb52ef1 to remote] headers:136 - http-outgoing-0 >> Accept-Encoding: gzip,deflate
2021-12-31 20:52:47,009 DEBUG [Forwarding findElement on session 86c86318fb77513236c25f30fcb52ef1 to remote] wire:73 - http-outgoing-0 >> "POST /session/86c86318fb77513236c25f30fcb52ef1/element HTTP/1.1[\r][\n]"
2021-12-31 20:52:47,009 DEBUG [Forwarding findElement on session 86c86318fb77513236c25f30fcb52ef1 to remote] wire:73 - http-outgoing-0 >> "Content-Type: application/json; charset=utf-8[\r][\n]"
2021-12-31 20:52:47,010 DEBUG [Forwarding findElement on session 86c86318fb77513236c25f30fcb52ef1 to remote] wire:73 - http-outgoing-0 >> "Content-Length: 81[\r][\n]"
2021-12-31 20:52:47,010 DEBUG [Forwarding findElement on session 86c86318fb77513236c25f30fcb52ef1 to remote] wire:73 - http-outgoing-0 >> "Host: localhost:9276[\r][\n]"
2021-12-31 20:52:47,010 DEBUG [Forwarding findElement on session 86c86318fb77513236c25f30fcb52ef1 to remote] wire:73 - http-outgoing-0 >> "Connection: Keep-Alive[\r][\n]"
2021-12-31 20:52:47,011 DEBUG [Forwarding findElement on session 86c86318fb77513236c25f30fcb52ef1 to remote] wire:73 - http-outgoing-0 >> "User-Agent: Apache-HttpClient/4.5.3 (Java/1.8.0_202)[\r][\n]"
2021-12-31 20:52:47,011 DEBUG [Forwarding findElement on session 86c86318fb77513236c25f30fcb52ef1 to remote] wire:73 - http-outgoing-0 >> "Accept-Encoding: gzip,deflate[\r][\n]"
2021-12-31 20:52:47,011 DEBUG [Forwarding findElement on session 86c86318fb77513236c25f30fcb52ef1 to remote] wire:73 - http-outgoing-0 >> "[\r][\n]"
2021-12-31 20:52:47,011 DEBUG [Forwarding findElement on session 86c86318fb77513236c25f30fcb52ef1 to remote] wire:87 - http-outgoing-0 >> "{"value":"div.wpb_column.vc_column_container.vc_col-sm-9","using":"css selector"}"
2021-12-31 20:52:47,021 DEBUG [Forwarding findElement on session 86c86318fb77513236c25f30fcb52ef1 to remote] wire:73 - http-outgoing-0 << "HTTP/1.1 200 OK[\r][\n]"
2021-12-31 20:52:47,022 DEBUG [Forwarding findElement on session 86c86318fb77513236c25f30fcb52ef1 to remote] wire:73 - http-outgoing-0 << "Content-Length:88[\r][\n]"
2021-12-31 20:52:47,022 DEBUG [Forwarding findElement on session 86c86318fb77513236c25f30fcb52ef1 to remote] wire:73 - http-outgoing-0 << "Content-Type:application/json; charset=utf-8[\r][\n]"
2021-12-31 20:52:47,022 DEBUG [Forwarding findElement on session 86c86318fb77513236c25f30fcb52ef1 to remote] wire:73 - http-outgoing-0 << "cache-control:no-cache[\r][\n]"
2021-12-31 20:52:47,022 DEBUG [Forwarding findElement on session 86c86318fb77513236c25f30fcb52ef1 to remote] wire:73 - http-outgoing-0 << "[\r][\n]"
2021-12-31 20:52:47,022 DEBUG [Forwarding findElement on session 86c86318fb77513236c25f30fcb52ef1 to remote] wire:87 - http-outgoing-0 << "{"value":{"element-6066-11e4-a52e-4f735466cecf":"90c12879-8acf-42a9-8844-996438af3b78"}}"
2021-12-31 20:52:47,023 DEBUG [Forwarding findElement on session 86c86318fb77513236c25f30fcb52ef1 to remote] headers:122 - http-outgoing-0 << HTTP/1.1 200 OK
2021-12-31 20:52:47,023 DEBUG [Forwarding findElement on session 86c86318fb77513236c25f30fcb52ef1 to remote] headers:125 - http-outgoing-0 << Content-Length:88
2021-12-31 20:52:47,023 DEBUG [Forwarding findElement on session 86c86318fb77513236c25f30fcb52ef1 to remote] headers:125 - http-outgoing-0 << Content-Type:application/json; charset=utf-8
2021-12-31 20:52:47,023 DEBUG [Forwarding findElement on session 86c86318fb77513236c25f30fcb52ef1 to remote] headers:125 - http-outgoing-0 << cache-control:no-cache
2021-12-31 20:52:47,023 DEBUG [Forwarding findElement on session 86c86318fb77513236c25f30fcb52ef1 to remote] MainClientExec:285 - Connection can be kept alive indefinitely
2021-12-31 20:52:47,023 DEBUG [Forwarding findElement on session 86c86318fb77513236c25f30fcb52ef1 to remote] PoolingHttpClientConnectionManager:320 - Connection [id: 0][route: {}->http://localhost:9276] can be kept alive indefinitely
2021-12-31 20:52:47,024 DEBUG [Forwarding findElement on session 86c86318fb77513236c25f30fcb52ef1 to remote] PoolingHttpClientConnectionManager:326 - Connection released: [id: 0][route: {}->http://localhost:9276][total kept alive: 1; route allocated: 1 of 2000; total allocated: 1 of 2000]
2021-12-31 20:52:47,025 DEBUG [Forwarding getElementText on session 86c86318fb77513236c25f30fcb52ef1 to remote] RequestAddCookies:123 - CookieSpec selected: default
2021-12-31 20:52:47,026 DEBUG [Forwarding getElementText on session 86c86318fb77513236c25f30fcb52ef1 to remote] RequestAuthCache:77 - Auth cache not set in the context
2021-12-31 20:52:47,026 DEBUG [Forwarding getElementText on session 86c86318fb77513236c25f30fcb52ef1 to remote] PoolingHttpClientConnectionManager:255 - Connection request: [route: {}->http://localhost:9276][total kept alive: 1; route allocated: 1 of 2000; total allocated: 1 of 2000]
2021-12-31 20:52:47,026 DEBUG [Forwarding getElementText on session 86c86318fb77513236c25f30fcb52ef1 to remote] PoolingHttpClientConnectionManager:288 - Connection leased: [id: 0][route: {}->http://localhost:9276][total kept alive: 0; route allocated: 1 of 2000; total allocated: 1 of 2000]
2021-12-31 20:52:47,026 DEBUG [Forwarding getElementText on session 86c86318fb77513236c25f30fcb52ef1 to remote] MainClientExec:208 - Stale connection check
2021-12-31 20:52:47,039 DEBUG [Forwarding getElementText on session 86c86318fb77513236c25f30fcb52ef1 to remote] wire:87 - http-outgoing-0 << "[read] I/O error: Read timed out"
2021-12-31 20:52:47,039 DEBUG [Forwarding getElementText on session 86c86318fb77513236c25f30fcb52ef1 to remote] DefaultManagedHttpClientConnection:88 - http-outgoing-0: set socket timeout to 10800000
2021-12-31 20:52:47,039 DEBUG [Forwarding getElementText on session 86c86318fb77513236c25f30fcb52ef1 to remote] MainClientExec:256 - Executing request GET /session/86c86318fb77513236c25f30fcb52ef1/element/90c12879-8acf-42a9-8844-996438af3b78/text HTTP/1.1
2021-12-31 20:52:47,039 DEBUG [Forwarding getElementText on session 86c86318fb77513236c25f30fcb52ef1 to remote] MainClientExec:261 - Target auth state: UNCHALLENGED
2021-12-31 20:52:47,039 DEBUG [Forwarding getElementText on session 86c86318fb77513236c25f30fcb52ef1 to remote] MainClientExec:267 - Proxy auth state: UNCHALLENGED
2021-12-31 20:52:47,040 DEBUG [Forwarding getElementText on session 86c86318fb77513236c25f30fcb52ef1 to remote] headers:133 - http-outgoing-0 >> GET /session/86c86318fb77513236c25f30fcb52ef1/element/90c12879-8acf-42a9-8844-996438af3b78/text HTTP/1.1
2021-12-31 20:52:47,040 DEBUG [Forwarding getElementText on session 86c86318fb77513236c25f30fcb52ef1 to remote] headers:136 - http-outgoing-0 >> Cache-Control: no-cache
2021-12-31 20:52:47,040 DEBUG [Forwarding getElementText on session 86c86318fb77513236c25f30fcb52ef1 to remote] headers:136 - http-outgoing-0 >> Host: localhost:9276
2021-12-31 20:52:47,040 DEBUG [Forwarding getElementText on session 86c86318fb77513236c25f30fcb52ef1 to remote] headers:136 - http-outgoing-0 >> Connection: Keep-Alive
2021-12-31 20:52:47,040 DEBUG [Forwarding getElementText on session 86c86318fb77513236c25f30fcb52ef1 to remote] headers:136 - http-outgoing-0 >> User-Agent: Apache-HttpClient/4.5.3 (Java/1.8.0_202)
2021-12-31 20:52:47,040 DEBUG [Forwarding getElementText on session 86c86318fb77513236c25f30fcb52ef1 to remote] headers:136 - http-outgoing-0 >> Accept-Encoding: gzip,deflate
2021-12-31 20:52:47,040 DEBUG [Forwarding getElementText on session 86c86318fb77513236c25f30fcb52ef1 to remote] wire:73 - http-outgoing-0 >> "GET /session/86c86318fb77513236c25f30fcb52ef1/element/90c12879-8acf-42a9-8844-996438af3b78/text HTTP/1.1[\r][\n]"
2021-12-31 20:52:47,040 DEBUG [Forwarding getElementText on session 86c86318fb77513236c25f30fcb52ef1 to remote] wire:73 - http-outgoing-0 >> "Cache-Control: no-cache[\r][\n]"
2021-12-31 20:52:47,041 DEBUG [Forwarding getElementText on session 86c86318fb77513236c25f30fcb52ef1 to remote] wire:73 - http-outgoing-0 >> "Host: localhost:9276[\r][\n]"
2021-12-31 20:52:47,041 DEBUG [Forwarding getElementText on session 86c86318fb77513236c25f30fcb52ef1 to remote] wire:73 - http-outgoing-0 >> "Connection: Keep-Alive[\r][\n]"
2021-12-31 20:52:47,041 DEBUG [Forwarding getElementText on session 86c86318fb77513236c25f30fcb52ef1 to remote] wire:73 - http-outgoing-0 >> "User-Agent: Apache-HttpClient/4.5.3 (Java/1.8.0_202)[\r][\n]"
2021-12-31 20:52:47,041 DEBUG [Forwarding getElementText on session 86c86318fb77513236c25f30fcb52ef1 to remote] wire:73 - http-outgoing-0 >> "Accept-Encoding: gzip,deflate[\r][\n]"
2021-12-31 20:52:47,041 DEBUG [Forwarding getElementText on session 86c86318fb77513236c25f30fcb52ef1 to remote] wire:73 - http-outgoing-0 >> "[\r][\n]"
2021-12-31 20:52:47,045 DEBUG [Forwarding getElementText on session 86c86318fb77513236c25f30fcb52ef1 to remote] wire:73 - http-outgoing-0 << "HTTP/1.1 200 OK[\r][\n]"
2021-12-31 20:52:47,045 DEBUG [Forwarding getElementText on session 86c86318fb77513236c25f30fcb52ef1 to remote] wire:73 - http-outgoing-0 << "Content-Length:1301[\r][\n]"
2021-12-31 20:52:47,045 DEBUG [Forwarding getElementText on session 86c86318fb77513236c25f30fcb52ef1 to remote] wire:73 - http-outgoing-0 << "Content-Type:application/json; charset=utf-8[\r][\n]"
2021-12-31 20:52:47,045 DEBUG [Forwarding getElementText on session 86c86318fb77513236c25f30fcb52ef1 to remote] wire:73 - http-outgoing-0 << "cache-control:no-cache[\r][\n]"
2021-12-31 20:52:47,045 DEBUG [Forwarding getElementText on session 86c86318fb77513236c25f30fcb52ef1 to remote] wire:73 - http-outgoing-0 << "[\r][\n]"
2021-12-31 20:52:47,045 DEBUG [Forwarding getElementText on session 86c86318fb77513236c25f30fcb52ef1 to remote] wire:87 - http-outgoing-0 << "{"value":"Kolhapur district is the southernmost district of Maharashtra. Its headquarter is Kolhapur City which is an ancient city. The city is situated on the banks of river Panchganga and is known as [0xe2][0x80][0x98]Dakshin Kashi[0xe2][0x80][0x99]. Kolhapur is seat of Goddess Mahalaxmi and is one of the Shaktipeeths mentioned in Indian mythology. Kolhapur was ruled by Silaharas, Yadavas, Rashtrakutas and Chalukyas in the Medieval times.\nThe growth of district in modern times is fascinating. Chhatrapati Shahu Maharaja is an architect and founder of modern Kolhapur. The district is abundant in natural resources- water, soil, natural vegetation, animal wealth and minerals. As a result, Kolhapur is one of the most agriculturally advanced districts of not only Maharashtra but also India. It is fast becoming an industrialised district as well and already a front runner in agro-based industries. Kolhapur District is one of the shining examples in the Co-operative Movement of India. No doubt, the district has the highest per capita income in the Maharashtra State and one of the highest in the country.\nKolhapur has a distinct culture developed as a result of rich history and its quality of people who have been front-runners in various fields. Kolhapur is famous in the country for production of Kolhapur special."}"
2021-12-31 20:52:47,045 DEBUG [Forwarding getElementText on session 86c86318fb77513236c25f30fcb52ef1 to remote] headers:122 - http-outgoing-0 << HTTP/1.1 200 OK
2021-12-31 20:52:47,045 DEBUG [Forwarding getElementText on session 86c86318fb77513236c25f30fcb52ef1 to remote] headers:125 - http-outgoing-0 << Content-Length:1301
2021-12-31 20:52:47,045 DEBUG [Forwarding getElementText on session 86c86318fb77513236c25f30fcb52ef1 to remote] headers:125 - http-outgoing-0 << Content-Type:application/json; charset=utf-8
2021-12-31 20:52:47,045 DEBUG [Forwarding getElementText on session 86c86318fb77513236c25f30fcb52ef1 to remote] headers:125 - http-outgoing-0 << cache-control:no-cache
2021-12-31 20:52:47,045 DEBUG [Forwarding getElementText on session 86c86318fb77513236c25f30fcb52ef1 to remote] MainClientExec:285 - Connection can be kept alive indefinitely
2021-12-31 20:52:47,045 DEBUG [Forwarding getElementText on session 86c86318fb77513236c25f30fcb52ef1 to remote] PoolingHttpClientConnectionManager:320 - Connection [id: 0][route: {}->http://localhost:9276] can be kept alive indefinitely
2021-12-31 20:52:47,045 DEBUG [Forwarding getElementText on session 86c86318fb77513236c25f30fcb52ef1 to remote] PoolingHttpClientConnectionManager:326 - Connection released: [id: 0][route: {}->http://localhost:9276][total kept alive: 1; route allocated: 1 of 2000; total allocated: 1 of 2000]
